{"/Users/jordancheckman/SourceCodeWithJakeGyllenhaal/please/dist/please.js":{"path":"/Users/jordancheckman/SourceCodeWithJakeGyllenhaal/please/dist/please.js","s":{"1":1,"2":1,"3":1,"4":1,"5":1,"6":1,"7":1,"8":1,"9":1,"10":1,"11":1,"12":1,"13":1,"14":1,"15":1,"16":1,"17":1,"18":1,"19":1,"20":1,"21":1,"22":1,"23":1,"24":1,"25":0,"26":0,"27":0,"28":0,"29":0,"30":0,"31":0,"32":1,"33":0,"34":0,"35":0,"36":0,"37":1,"38":4,"39":1,"40":0,"41":0,"42":0,"43":1,"44":0,"45":0,"46":0,"47":0,"48":1,"49":1,"50":1,"51":1,"52":1,"53":1,"54":1,"55":1,"56":0,"57":0,"58":0,"59":1,"60":0,"61":0,"62":0,"63":1,"64":0,"65":0,"66":0,"67":0,"68":0,"69":0,"70":1,"71":0,"72":0,"73":0,"74":0,"75":0,"76":1,"77":0,"78":0,"79":1,"80":1,"81":0,"82":1,"83":0,"84":1,"85":0,"86":0,"87":0,"88":0,"89":0,"90":0,"91":0,"92":1,"93":1,"94":0,"95":0,"96":0,"97":0,"98":0,"99":0,"100":0,"101":0,"102":0,"103":0,"104":0,"105":1,"106":1,"107":0,"108":0,"109":0,"110":0,"111":1,"112":0,"113":0,"114":0,"115":0,"116":0,"117":0,"118":1,"119":0,"120":0,"121":1,"122":2,"123":0,"124":2,"125":2,"126":0,"127":0,"128":0,"129":0,"130":0,"131":0,"132":0,"133":0,"134":0,"135":0,"136":0,"137":0,"138":0,"139":1,"140":0,"141":1,"142":0,"143":1,"144":1,"145":0,"146":1,"147":0,"148":1,"149":0,"150":0,"151":1,"152":0,"153":1,"154":0,"155":0,"156":1,"157":0,"158":1,"159":0,"160":1,"161":0,"162":1,"163":0,"164":0,"165":0,"166":0,"167":0,"168":0,"169":0,"170":0,"171":1,"172":0,"173":0,"174":0,"175":0,"176":0,"177":0,"178":0,"179":0,"180":1,"181":0,"182":1,"183":0,"184":0,"185":1,"186":0,"187":0,"188":0,"189":0,"190":0,"191":0,"192":1,"193":0,"194":0,"195":0,"196":0,"197":0,"198":0,"199":0,"200":0,"201":0,"202":0,"203":1,"204":0,"205":0,"206":0,"207":0,"208":0,"209":0,"210":0,"211":0,"212":0,"213":0,"214":0,"215":0,"216":0,"217":0,"218":0,"219":0,"220":0,"221":0,"222":0,"223":0,"224":0,"225":0,"226":0,"227":0,"228":0,"229":1,"230":1,"231":1,"232":1,"233":1,"234":1,"235":1,"236":1,"237":1,"238":1,"239":1,"240":1,"241":1,"242":1,"243":1,"244":1,"245":1,"246":1,"247":1,"248":1,"249":1,"250":1,"251":1,"252":0,"253":0,"254":1,"255":1,"256":1,"257":1,"258":0,"259":1,"260":0,"261":0,"262":1,"263":1,"264":0,"265":0,"266":0,"267":0,"268":0,"269":0,"270":0,"271":0,"272":0,"273":0,"274":0,"275":0,"276":0,"277":0,"278":0,"279":0,"280":0,"281":0,"282":0,"283":0,"284":0,"285":0,"286":0,"287":0,"288":0,"289":0,"290":0,"291":0,"292":0,"293":0,"294":0,"295":0,"296":0,"297":0,"298":0,"299":0,"300":0,"301":1,"302":0,"303":0,"304":0,"305":1,"306":0,"307":0,"308":0,"309":1,"310":0,"311":0,"312":0,"313":0,"314":0,"315":1,"316":0,"317":0,"318":0,"319":1,"320":0,"321":0,"322":0,"323":0,"324":0,"325":1,"326":0,"327":0,"328":0,"329":0,"330":0,"331":1,"332":0,"333":0,"334":0,"335":0,"336":1,"337":0,"338":0,"339":0,"340":0,"341":1,"342":1,"343":0,"344":0,"345":0,"346":0,"347":1,"348":1,"349":1,"350":0,"351":0,"352":0,"353":0,"354":1,"355":1,"356":0,"357":0,"358":0,"359":0,"360":0,"361":0,"362":0,"363":1,"364":0,"365":0,"366":0,"367":0,"368":0,"369":0,"370":0,"371":1,"372":0,"373":0,"374":0,"375":0,"376":0,"377":0,"378":0,"379":1,"380":0,"381":0,"382":0,"383":0,"384":1,"385":0,"386":0,"387":0,"388":0,"389":0,"390":1,"391":0,"392":0,"393":0,"394":0,"395":1,"396":0,"397":0,"398":0,"399":0,"400":0,"401":1,"402":0,"403":0,"404":0,"405":0,"406":1,"407":0,"408":0,"409":0,"410":0,"411":1,"412":0,"413":0,"414":1,"415":0,"416":0,"417":0,"418":0,"419":0,"420":0,"421":1,"422":0,"423":1,"424":0,"425":0,"426":0,"427":0,"428":0,"429":0,"430":0,"431":0,"432":0,"433":1,"434":0,"435":0,"436":0,"437":0,"438":0,"439":0,"440":0,"441":0,"442":0,"443":1,"444":0,"445":0,"446":0,"447":0,"448":0,"449":0,"450":0,"451":0,"452":0,"453":0,"454":0,"455":1,"456":0,"457":0,"458":0,"459":0,"460":0,"461":0,"462":0,"463":0,"464":0,"465":0,"466":0,"467":0,"468":0,"469":0,"470":0,"471":1,"472":0,"473":0,"474":0,"475":0,"476":0,"477":0,"478":0,"479":0,"480":0,"481":0,"482":0,"483":0,"484":0,"485":0,"486":0,"487":0,"488":0,"489":0,"490":0,"491":0,"492":0,"493":0,"494":0,"495":0,"496":0,"497":0,"498":0,"499":0,"500":0,"501":0,"502":0,"503":0,"504":0,"505":0,"506":0,"507":0,"508":0,"509":0,"510":0,"511":0,"512":0,"513":0,"514":1,"515":0,"516":0,"517":0,"518":0,"519":0,"520":0,"521":0,"522":0,"523":0,"524":1,"525":0,"526":1,"527":0,"528":0,"529":0,"530":0,"531":0,"532":1,"533":0,"534":1,"535":0,"536":0,"537":0,"538":0,"539":0,"540":0,"541":0,"542":0,"543":0,"544":0,"545":0,"546":1,"547":0,"548":0,"549":0,"550":0,"551":0,"552":0,"553":0,"554":0,"555":0,"556":0,"557":0,"558":1,"559":1,"560":1,"561":1,"562":0,"563":1,"564":1,"565":1,"566":0,"567":0,"568":0,"569":0,"570":0,"571":0,"572":0,"573":0,"574":0,"575":1,"576":0,"577":0,"578":0,"579":0,"580":0,"581":0,"582":0,"583":1,"584":0,"585":0,"586":0,"587":0,"588":0,"589":0,"590":1,"591":0,"592":0,"593":0,"594":0,"595":0,"596":0,"597":0,"598":0,"599":0,"600":0,"601":1,"602":0,"603":0,"604":0,"605":0,"606":1,"607":0,"608":0,"609":0,"610":0,"611":0,"612":0,"613":0,"614":0,"615":1,"616":0,"617":1,"618":1,"619":1},"b":{"1":[1,0],"2":[1,1,1],"3":[1,0],"4":[1,1,1],"5":[1,0],"6":[1,1],"7":[1,1,1,1],"8":[1,0],"9":[1,0],"10":[1,1],"11":[1,0,0,0,0,0],"12":[0,0],"13":[0,0,0,0],"14":[2,2],"15":[4,2],"16":[0,0],"17":[0,0],"18":[0,0],"19":[0,0,0],"20":[0,1],"21":[0,0],"22":[0,0,0],"23":[0,0],"24":[0,0,0],"25":[0,0],"26":[0,0],"27":[0,0],"28":[0,0],"29":[0,0],"30":[0,0],"31":[0,0],"32":[0,1],"33":[1,0],"34":[0,0],"35":[0,0],"36":[0,0],"37":[0,0],"38":[0,0],"39":[0,0],"40":[0,0],"41":[0,0],"42":[0,0],"43":[0,0],"44":[0,0],"45":[0,0],"46":[0,0,0,0],"47":[0,0],"48":[0,0],"49":[0,0],"50":[0,0],"51":[0,0],"52":[0,0],"53":[0,0,0],"54":[0,2],"55":[2,0],"56":[0,0,0],"57":[0,0,0],"58":[0,0,0,0],"59":[0,0,0],"60":[0,0],"61":[0,0],"62":[0,0],"63":[0,0],"64":[0,0,0,0],"65":[0,0,0],"66":[0,0],"67":[0,0,0],"68":[0,0,0,0],"69":[0,0],"70":[0,0],"71":[0,0],"72":[0,0],"73":[0,0],"74":[0,0],"75":[0,0],"76":[0,0],"77":[0,0],"78":[0,0],"79":[0,0],"80":[0,0],"81":[0,0],"82":[0,0],"83":[0,0],"84":[0,0],"85":[0,0],"86":[0,0],"87":[0,0],"88":[0,0,0],"89":[0,0,0],"90":[0,0],"91":[0,0],"92":[0,0],"93":[0,0],"94":[0,0],"95":[0,0],"96":[0,0,0],"97":[0,0],"98":[0,0],"99":[0,0],"100":[0,0],"101":[0,0],"102":[0,0],"103":[0,0],"104":[0,0],"105":[0,0],"106":[0,0],"107":[0,0,0],"108":[1,1,1],"109":[0,1],"110":[1,0,0],"111":[1,0],"112":[1,1],"113":[1,0],"114":[0,0],"115":[0,0,0,0],"116":[0,0],"117":[0,0,0,0],"118":[0,0],"119":[0,0,0,0],"120":[0,0],"121":[0,0],"122":[0,0],"123":[0,0,0,0],"124":[0,0],"125":[0,0],"126":[0,0],"127":[0,0],"128":[0,0],"129":[0,0],"130":[0,0],"131":[0,0],"132":[0,0],"133":[0,0],"134":[0,0],"135":[0,0],"136":[0,0],"137":[0,0],"138":[0,0],"139":[0,0],"140":[0,0],"141":[0,0],"142":[0,0],"143":[0,0],"144":[0,0],"145":[0,0],"146":[0,0],"147":[0,0],"148":[0,0],"149":[0,0],"150":[0,0],"151":[0,0],"152":[0,0],"153":[0,0],"154":[0,0],"155":[0,0],"156":[0,0],"157":[0,0],"158":[0,0],"159":[0,0],"160":[0,0],"161":[0,0],"162":[0,0],"163":[0,0],"164":[0,0],"165":[0,0],"166":[0,0],"167":[0,0,0,0,0,0],"168":[0,0],"169":[0,0],"170":[0,0],"171":[0,0],"172":[0,0],"173":[0,0],"174":[0,0],"175":[0,0],"176":[0,0],"177":[0,0],"178":[0,0],"179":[0,0],"180":[0,1],"181":[1,0],"182":[1,0],"183":[1,1]},"f":{"1":1,"2":1,"3":0,"4":0,"5":4,"6":0,"7":0,"8":0,"9":0,"10":0,"11":0,"12":0,"13":0,"14":1,"15":0,"16":0,"17":0,"18":1,"19":0,"20":0,"21":0,"22":0,"23":2,"24":0,"25":0,"26":0,"27":0,"28":0,"29":0,"30":0,"31":0,"32":0,"33":0,"34":0,"35":0,"36":0,"37":0,"38":0,"39":0,"40":0,"41":0,"42":0,"43":0,"44":0,"45":1,"46":0,"47":0,"48":0,"49":0,"50":0,"51":0,"52":0,"53":0,"54":0,"55":0,"56":0,"57":0,"58":0,"59":0,"60":0,"61":0,"62":0,"63":0,"64":0,"65":0,"66":0,"67":0,"68":0,"69":0,"70":0,"71":0,"72":0,"73":0,"74":0,"75":0,"76":0,"77":0,"78":0,"79":0,"80":0,"81":0,"82":0,"83":0,"84":0,"85":0,"86":0,"87":0},"fnMap":{"1":{"name":"(anonymous_1)","line":1,"loc":{"start":{"line":1,"column":1},"end":{"line":1,"column":11}}},"2":{"name":"(anonymous_2)","line":13,"loc":{"start":{"line":13,"column":2},"end":{"line":13,"column":13}}},"3":{"name":"apply","line":112,"loc":{"start":{"line":112,"column":2},"end":{"line":112,"column":38}}},"4":{"name":"baseTimes","line":132,"loc":{"start":{"line":132,"column":2},"end":{"line":132,"column":34}}},"5":{"name":"checkGlobal","line":149,"loc":{"start":{"line":149,"column":2},"end":{"line":149,"column":30}}},"6":{"name":"isIndex","line":161,"loc":{"start":{"line":161,"column":2},"end":{"line":161,"column":34}}},"7":{"name":"iteratorToArray","line":174,"loc":{"start":{"line":174,"column":2},"end":{"line":174,"column":37}}},"8":{"name":"lodash","line":327,"loc":{"start":{"line":327,"column":2},"end":{"line":327,"column":20}}},"9":{"name":"assignInDefaults","line":343,"loc":{"start":{"line":343,"column":2},"end":{"line":343,"column":61}}},"10":{"name":"assignValue","line":361,"loc":{"start":{"line":361,"column":2},"end":{"line":361,"column":43}}},"11":{"name":"baseClamp","line":378,"loc":{"start":{"line":378,"column":2},"end":{"line":378,"column":43}}},"12":{"name":"baseKeysIn","line":398,"loc":{"start":{"line":398,"column":2},"end":{"line":398,"column":30}}},"13":{"name":"(anonymous_13)","line":410,"loc":{"start":{"line":410,"column":17},"end":{"line":410,"column":34}}},"14":{"name":"baseProperty","line":422,"loc":{"start":{"line":422,"column":2},"end":{"line":422,"column":29}}},"15":{"name":"(anonymous_15)","line":423,"loc":{"start":{"line":423,"column":11},"end":{"line":423,"column":28}}},"16":{"name":"baseRandom","line":437,"loc":{"start":{"line":437,"column":2},"end":{"line":437,"column":36}}},"17":{"name":"copyObjectWith","line":452,"loc":{"start":{"line":452,"column":2},"end":{"line":452,"column":61}}},"18":{"name":"createAssigner","line":477,"loc":{"start":{"line":477,"column":2},"end":{"line":477,"column":36}}},"19":{"name":"(anonymous_19)","line":478,"loc":{"start":{"line":478,"column":16},"end":{"line":478,"column":42}}},"20":{"name":"indexKeys","line":523,"loc":{"start":{"line":523,"column":2},"end":{"line":523,"column":29}}},"21":{"name":"isIterateeCall","line":541,"loc":{"start":{"line":541,"column":2},"end":{"line":541,"column":48}}},"22":{"name":"isPrototype","line":561,"loc":{"start":{"line":561,"column":2},"end":{"line":561,"column":30}}},"23":{"name":"rest","line":592,"loc":{"start":{"line":592,"column":2},"end":{"line":592,"column":29}}},"24":{"name":"(anonymous_24)","line":597,"loc":{"start":{"line":597,"column":11},"end":{"line":597,"column":22}}},"25":{"name":"eq","line":653,"loc":{"start":{"line":653,"column":2},"end":{"line":653,"column":28}}},"26":{"name":"isArguments","line":673,"loc":{"start":{"line":673,"column":2},"end":{"line":673,"column":30}}},"27":{"name":"isArrayLike","line":728,"loc":{"start":{"line":728,"column":2},"end":{"line":728,"column":30}}},"28":{"name":"isArrayLikeObject","line":756,"loc":{"start":{"line":756,"column":2},"end":{"line":756,"column":36}}},"29":{"name":"isFunction","line":776,"loc":{"start":{"line":776,"column":2},"end":{"line":776,"column":29}}},"30":{"name":"isLength","line":808,"loc":{"start":{"line":808,"column":2},"end":{"line":808,"column":27}}},"31":{"name":"isObject","line":836,"loc":{"start":{"line":836,"column":2},"end":{"line":836,"column":27}}},"32":{"name":"isObjectLike","line":864,"loc":{"start":{"line":864,"column":2},"end":{"line":864,"column":31}}},"33":{"name":"isNumber","line":893,"loc":{"start":{"line":893,"column":2},"end":{"line":893,"column":27}}},"34":{"name":"isString","line":914,"loc":{"start":{"line":914,"column":2},"end":{"line":914,"column":27}}},"35":{"name":"toInteger","line":943,"loc":{"start":{"line":943,"column":2},"end":{"line":943,"column":28}}},"36":{"name":"toNumber","line":978,"loc":{"start":{"line":978,"column":2},"end":{"line":978,"column":27}}},"37":{"name":"(anonymous_37)","line":1022,"loc":{"start":{"line":1022,"column":36},"end":{"line":1022,"column":83}}},"38":{"name":"(anonymous_38)","line":1045,"loc":{"start":{"line":1045,"column":22},"end":{"line":1045,"column":37}}},"39":{"name":"keysIn","line":1072,"loc":{"start":{"line":1072,"column":2},"end":{"line":1072,"column":26}}},"40":{"name":"clamp","line":1112,"loc":{"start":{"line":1112,"column":2},"end":{"line":1112,"column":39}}},"41":{"name":"random","line":1158,"loc":{"start":{"line":1158,"column":2},"end":{"line":1158,"column":42}}},"42":{"name":"(anonymous_42)","line":1249,"loc":{"start":{"line":1249,"column":11},"end":{"line":1249,"column":22}}},"43":{"name":"(anonymous_43)","line":1269,"loc":{"start":{"line":1269,"column":9},"end":{"line":1269,"column":25}}},"44":{"name":"(anonymous_44)","line":1269,"loc":{"start":{"line":1269,"column":34},"end":{"line":1269,"column":44}}},"45":{"name":"(anonymous_45)","line":1271,"loc":{"start":{"line":1271,"column":9},"end":{"line":1271,"column":20}}},"46":{"name":"Color","line":1272,"loc":{"start":{"line":1272,"column":2},"end":{"line":1272,"column":24}}},"47":{"name":"(anonymous_47)","line":1327,"loc":{"start":{"line":1327,"column":27},"end":{"line":1327,"column":43}}},"48":{"name":"(anonymous_48)","line":1334,"loc":{"start":{"line":1334,"column":27},"end":{"line":1334,"column":43}}},"49":{"name":"(anonymous_49)","line":1341,"loc":{"start":{"line":1341,"column":33},"end":{"line":1341,"column":49}}},"50":{"name":"(anonymous_50)","line":1350,"loc":{"start":{"line":1350,"column":27},"end":{"line":1350,"column":43}}},"51":{"name":"(anonymous_51)","line":1357,"loc":{"start":{"line":1357,"column":33},"end":{"line":1357,"column":49}}},"52":{"name":"(anonymous_52)","line":1366,"loc":{"start":{"line":1366,"column":27},"end":{"line":1366,"column":43}}},"53":{"name":"(anonymous_53)","line":1375,"loc":{"start":{"line":1375,"column":24},"end":{"line":1375,"column":40}}},"54":{"name":"(anonymous_54)","line":1383,"loc":{"start":{"line":1383,"column":31},"end":{"line":1383,"column":47}}},"55":{"name":"(anonymous_55)","line":1393,"loc":{"start":{"line":1393,"column":26},"end":{"line":1393,"column":42}}},"56":{"name":"(anonymous_56)","line":1405,"loc":{"start":{"line":1405,"column":26},"end":{"line":1405,"column":42}}},"57":{"name":"(anonymous_57)","line":1415,"loc":{"start":{"line":1415,"column":24},"end":{"line":1415,"column":40}}},"58":{"name":"(anonymous_58)","line":1426,"loc":{"start":{"line":1426,"column":26},"end":{"line":1426,"column":42}}},"59":{"name":"(anonymous_59)","line":1437,"loc":{"start":{"line":1437,"column":25},"end":{"line":1437,"column":41}}},"60":{"name":"(anonymous_60)","line":1448,"loc":{"start":{"line":1448,"column":24},"end":{"line":1448,"column":40}}},"61":{"name":"(anonymous_61)","line":1456,"loc":{"start":{"line":1456,"column":30},"end":{"line":1456,"column":41}}},"62":{"name":"(anonymous_62)","line":1465,"loc":{"start":{"line":1465,"column":24},"end":{"line":1465,"column":40}}},"63":{"name":"(anonymous_63)","line":1473,"loc":{"start":{"line":1473,"column":30},"end":{"line":1473,"column":41}}},"64":{"name":"(anonymous_64)","line":1482,"loc":{"start":{"line":1482,"column":24},"end":{"line":1482,"column":40}}},"65":{"name":"(anonymous_65)","line":1490,"loc":{"start":{"line":1490,"column":24},"end":{"line":1490,"column":40}}},"66":{"name":"(anonymous_66)","line":1498,"loc":{"start":{"line":1498,"column":25},"end":{"line":1498,"column":41}}},"67":{"name":"(anonymous_67)","line":1503,"loc":{"start":{"line":1503,"column":33},"end":{"line":1503,"column":49}}},"68":{"name":"(anonymous_68)","line":1514,"loc":{"start":{"line":1514,"column":34},"end":{"line":1514,"column":45}}},"69":{"name":"(anonymous_69)","line":1518,"loc":{"start":{"line":1518,"column":29},"end":{"line":1518,"column":40}}},"70":{"name":"(anonymous_70)","line":1532,"loc":{"start":{"line":1532,"column":24},"end":{"line":1532,"column":48}}},"71":{"name":"(anonymous_71)","line":1545,"loc":{"start":{"line":1545,"column":32},"end":{"line":1545,"column":48}}},"72":{"name":"(anonymous_72)","line":1564,"loc":{"start":{"line":1564,"column":30},"end":{"line":1564,"column":44}}},"73":{"name":"(anonymous_73)","line":1592,"loc":{"start":{"line":1592,"column":30},"end":{"line":1592,"column":44}}},"74":{"name":"(anonymous_74)","line":1654,"loc":{"start":{"line":1654,"column":30},"end":{"line":1654,"column":44}}},"75":{"name":"(anonymous_75)","line":1659,"loc":{"start":{"line":1659,"column":58},"end":{"line":1659,"column":79}}},"76":{"name":"(anonymous_76)","line":1672,"loc":{"start":{"line":1672,"column":30},"end":{"line":1672,"column":44}}},"77":{"name":"(anonymous_77)","line":1676,"loc":{"start":{"line":1676,"column":30},"end":{"line":1676,"column":44}}},"78":{"name":"(anonymous_78)","line":1685,"loc":{"start":{"line":1685,"column":30},"end":{"line":1685,"column":44}}},"79":{"name":"(anonymous_79)","line":1689,"loc":{"start":{"line":1689,"column":30},"end":{"line":1689,"column":44}}},"80":{"name":"(anonymous_80)","line":1710,"loc":{"start":{"line":1710,"column":30},"end":{"line":1710,"column":44}}},"81":{"name":"(anonymous_81)","line":1890,"loc":{"start":{"line":1890,"column":15},"end":{"line":1890,"column":31}}},"82":{"name":"(anonymous_82)","line":1912,"loc":{"start":{"line":1912,"column":31},"end":{"line":1912,"column":51}}},"83":{"name":"(anonymous_83)","line":1926,"loc":{"start":{"line":1926,"column":42},"end":{"line":1926,"column":53}}},"84":{"name":"(anonymous_84)","line":1936,"loc":{"start":{"line":1936,"column":24},"end":{"line":1936,"column":35}}},"85":{"name":"(anonymous_85)","line":1945,"loc":{"start":{"line":1945,"column":19},"end":{"line":1945,"column":37}}},"86":{"name":"(anonymous_86)","line":1961,"loc":{"start":{"line":1961,"column":20},"end":{"line":1961,"column":38}}},"87":{"name":"(anonymous_87)","line":1969,"loc":{"start":{"line":1969,"column":19},"end":{"line":1969,"column":37}}}},"statementMap":{"1":{"start":{"line":1,"column":0},"end":{"line":1988,"column":5}},"2":{"start":{"line":2,"column":0},"end":{"line":4,"column":2}},"3":{"start":{"line":13,"column":1},"end":{"line":1266,"column":14}},"4":{"start":{"line":17,"column":2},"end":{"line":17,"column":16}},"5":{"start":{"line":20,"column":2},"end":{"line":20,"column":24}},"6":{"start":{"line":23,"column":2},"end":{"line":23,"column":46}},"7":{"start":{"line":26,"column":2},"end":{"line":29,"column":18}},"8":{"start":{"line":32,"column":2},"end":{"line":36,"column":36}},"9":{"start":{"line":39,"column":2},"end":{"line":39,"column":28}},"10":{"start":{"line":42,"column":2},"end":{"line":42,"column":40}},"11":{"start":{"line":45,"column":2},"end":{"line":45,"column":32}},"12":{"start":{"line":48,"column":2},"end":{"line":48,"column":32}},"13":{"start":{"line":51,"column":2},"end":{"line":51,"column":36}},"14":{"start":{"line":54,"column":2},"end":{"line":57,"column":4}},"15":{"start":{"line":60,"column":2},"end":{"line":61,"column":30}},"16":{"start":{"line":64,"column":2},"end":{"line":66,"column":16}},"17":{"start":{"line":69,"column":2},"end":{"line":71,"column":16}},"18":{"start":{"line":74,"column":2},"end":{"line":76,"column":16}},"19":{"start":{"line":79,"column":2},"end":{"line":79,"column":97}},"20":{"start":{"line":82,"column":2},"end":{"line":82,"column":63}},"21":{"start":{"line":85,"column":2},"end":{"line":85,"column":69}},"22":{"start":{"line":88,"column":2},"end":{"line":88,"column":65}},"23":{"start":{"line":96,"column":2},"end":{"line":98,"column":58}},"24":{"start":{"line":112,"column":2},"end":{"line":121,"column":3}},"25":{"start":{"line":113,"column":4},"end":{"line":113,"column":29}},"26":{"start":{"line":114,"column":4},"end":{"line":119,"column":5}},"27":{"start":{"line":115,"column":14},"end":{"line":115,"column":40}},"28":{"start":{"line":116,"column":14},"end":{"line":116,"column":49}},"29":{"start":{"line":117,"column":14},"end":{"line":117,"column":58}},"30":{"start":{"line":118,"column":14},"end":{"line":118,"column":67}},"31":{"start":{"line":120,"column":4},"end":{"line":120,"column":37}},"32":{"start":{"line":132,"column":2},"end":{"line":140,"column":3}},"33":{"start":{"line":133,"column":4},"end":{"line":134,"column":26}},"34":{"start":{"line":136,"column":4},"end":{"line":138,"column":5}},"35":{"start":{"line":137,"column":6},"end":{"line":137,"column":38}},"36":{"start":{"line":139,"column":4},"end":{"line":139,"column":18}},"37":{"start":{"line":149,"column":2},"end":{"line":151,"column":3}},"38":{"start":{"line":150,"column":4},"end":{"line":150,"column":61}},"39":{"start":{"line":161,"column":2},"end":{"line":165,"column":3}},"40":{"start":{"line":162,"column":4},"end":{"line":162,"column":77}},"41":{"start":{"line":163,"column":4},"end":{"line":163,"column":56}},"42":{"start":{"line":164,"column":4},"end":{"line":164,"column":58}},"43":{"start":{"line":174,"column":2},"end":{"line":182,"column":3}},"44":{"start":{"line":175,"column":4},"end":{"line":176,"column":20}},"45":{"start":{"line":178,"column":4},"end":{"line":180,"column":5}},"46":{"start":{"line":179,"column":6},"end":{"line":179,"column":30}},"47":{"start":{"line":181,"column":4},"end":{"line":181,"column":18}},"48":{"start":{"line":187,"column":2},"end":{"line":187,"column":37}},"49":{"start":{"line":190,"column":2},"end":{"line":190,"column":50}},"50":{"start":{"line":196,"column":2},"end":{"line":196,"column":44}},"51":{"start":{"line":199,"column":2},"end":{"line":202,"column":62}},"52":{"start":{"line":205,"column":2},"end":{"line":208,"column":33}},"53":{"start":{"line":211,"column":2},"end":{"line":211,"column":21}},"54":{"start":{"line":327,"column":2},"end":{"line":329,"column":3}},"55":{"start":{"line":343,"column":2},"end":{"line":349,"column":3}},"56":{"start":{"line":344,"column":4},"end":{"line":347,"column":5}},"57":{"start":{"line":346,"column":6},"end":{"line":346,"column":22}},"58":{"start":{"line":348,"column":4},"end":{"line":348,"column":20}},"59":{"start":{"line":361,"column":2},"end":{"line":367,"column":3}},"60":{"start":{"line":362,"column":4},"end":{"line":362,"column":31}},"61":{"start":{"line":363,"column":4},"end":{"line":366,"column":5}},"62":{"start":{"line":365,"column":6},"end":{"line":365,"column":26}},"63":{"start":{"line":378,"column":2},"end":{"line":388,"column":3}},"64":{"start":{"line":379,"column":4},"end":{"line":386,"column":5}},"65":{"start":{"line":380,"column":6},"end":{"line":382,"column":7}},"66":{"start":{"line":381,"column":8},"end":{"line":381,"column":50}},"67":{"start":{"line":383,"column":6},"end":{"line":385,"column":7}},"68":{"start":{"line":384,"column":8},"end":{"line":384,"column":50}},"69":{"start":{"line":387,"column":4},"end":{"line":387,"column":18}},"70":{"start":{"line":398,"column":2},"end":{"line":406,"column":3}},"71":{"start":{"line":399,"column":4},"end":{"line":399,"column":54}},"72":{"start":{"line":401,"column":4},"end":{"line":401,"column":20}},"73":{"start":{"line":402,"column":4},"end":{"line":404,"column":5}},"74":{"start":{"line":403,"column":6},"end":{"line":403,"column":23}},"75":{"start":{"line":405,"column":4},"end":{"line":405,"column":18}},"76":{"start":{"line":409,"column":2},"end":{"line":413,"column":3}},"77":{"start":{"line":410,"column":4},"end":{"line":412,"column":6}},"78":{"start":{"line":411,"column":6},"end":{"line":411,"column":48}},"79":{"start":{"line":422,"column":2},"end":{"line":426,"column":3}},"80":{"start":{"line":423,"column":4},"end":{"line":425,"column":6}},"81":{"start":{"line":424,"column":6},"end":{"line":424,"column":54}},"82":{"start":{"line":437,"column":2},"end":{"line":439,"column":3}},"83":{"start":{"line":438,"column":4},"end":{"line":438,"column":69}},"84":{"start":{"line":452,"column":2},"end":{"line":468,"column":3}},"85":{"start":{"line":453,"column":4},"end":{"line":453,"column":28}},"86":{"start":{"line":455,"column":4},"end":{"line":456,"column":30}},"87":{"start":{"line":458,"column":4},"end":{"line":466,"column":5}},"88":{"start":{"line":459,"column":6},"end":{"line":459,"column":29}},"89":{"start":{"line":461,"column":6},"end":{"line":463,"column":22}},"90":{"start":{"line":465,"column":6},"end":{"line":465,"column":41}},"91":{"start":{"line":467,"column":4},"end":{"line":467,"column":18}},"92":{"start":{"line":477,"column":2},"end":{"line":501,"column":3}},"93":{"start":{"line":478,"column":4},"end":{"line":500,"column":7}},"94":{"start":{"line":479,"column":6},"end":{"line":482,"column":54}},"95":{"start":{"line":484,"column":6},"end":{"line":486,"column":20}},"96":{"start":{"line":488,"column":6},"end":{"line":491,"column":7}},"97":{"start":{"line":489,"column":8},"end":{"line":489,"column":57}},"98":{"start":{"line":490,"column":8},"end":{"line":490,"column":19}},"99":{"start":{"line":492,"column":6},"end":{"line":492,"column":30}},"100":{"start":{"line":493,"column":6},"end":{"line":498,"column":7}},"101":{"start":{"line":494,"column":8},"end":{"line":494,"column":36}},"102":{"start":{"line":495,"column":8},"end":{"line":497,"column":9}},"103":{"start":{"line":496,"column":10},"end":{"line":496,"column":54}},"104":{"start":{"line":499,"column":6},"end":{"line":499,"column":20}},"105":{"start":{"line":513,"column":2},"end":{"line":513,"column":41}},"106":{"start":{"line":523,"column":2},"end":{"line":530,"column":3}},"107":{"start":{"line":524,"column":4},"end":{"line":524,"column":52}},"108":{"start":{"line":525,"column":4},"end":{"line":528,"column":5}},"109":{"start":{"line":527,"column":6},"end":{"line":527,"column":39}},"110":{"start":{"line":529,"column":4},"end":{"line":529,"column":16}},"111":{"start":{"line":541,"column":2},"end":{"line":552,"column":3}},"112":{"start":{"line":542,"column":4},"end":{"line":544,"column":5}},"113":{"start":{"line":543,"column":6},"end":{"line":543,"column":19}},"114":{"start":{"line":545,"column":4},"end":{"line":545,"column":28}},"115":{"start":{"line":546,"column":4},"end":{"line":550,"column":5}},"116":{"start":{"line":549,"column":6},"end":{"line":549,"column":38}},"117":{"start":{"line":551,"column":4},"end":{"line":551,"column":17}},"118":{"start":{"line":561,"column":2},"end":{"line":566,"column":3}},"119":{"start":{"line":562,"column":4},"end":{"line":563,"column":68}},"120":{"start":{"line":565,"column":4},"end":{"line":565,"column":27}},"121":{"start":{"line":592,"column":2},"end":{"line":619,"column":3}},"122":{"start":{"line":593,"column":4},"end":{"line":595,"column":5}},"123":{"start":{"line":594,"column":6},"end":{"line":594,"column":43}},"124":{"start":{"line":596,"column":4},"end":{"line":596,"column":85}},"125":{"start":{"line":597,"column":4},"end":{"line":618,"column":6}},"126":{"start":{"line":598,"column":6},"end":{"line":601,"column":32}},"127":{"start":{"line":603,"column":6},"end":{"line":605,"column":7}},"128":{"start":{"line":604,"column":8},"end":{"line":604,"column":43}},"129":{"start":{"line":606,"column":6},"end":{"line":610,"column":7}},"130":{"start":{"line":607,"column":16},"end":{"line":607,"column":46}},"131":{"start":{"line":608,"column":16},"end":{"line":608,"column":55}},"132":{"start":{"line":609,"column":16},"end":{"line":609,"column":64}},"133":{"start":{"line":611,"column":6},"end":{"line":611,"column":39}},"134":{"start":{"line":612,"column":6},"end":{"line":612,"column":17}},"135":{"start":{"line":613,"column":6},"end":{"line":615,"column":7}},"136":{"start":{"line":614,"column":8},"end":{"line":614,"column":39}},"137":{"start":{"line":616,"column":6},"end":{"line":616,"column":31}},"138":{"start":{"line":617,"column":6},"end":{"line":617,"column":42}},"139":{"start":{"line":653,"column":2},"end":{"line":655,"column":3}},"140":{"start":{"line":654,"column":4},"end":{"line":654,"column":67}},"141":{"start":{"line":673,"column":2},"end":{"line":677,"column":3}},"142":{"start":{"line":675,"column":4},"end":{"line":676,"column":93}},"143":{"start":{"line":702,"column":2},"end":{"line":702,"column":30}},"144":{"start":{"line":728,"column":2},"end":{"line":731,"column":3}},"145":{"start":{"line":729,"column":4},"end":{"line":730,"column":87}},"146":{"start":{"line":756,"column":2},"end":{"line":758,"column":3}},"147":{"start":{"line":757,"column":4},"end":{"line":757,"column":53}},"148":{"start":{"line":776,"column":2},"end":{"line":782,"column":3}},"149":{"start":{"line":780,"column":4},"end":{"line":780,"column":64}},"150":{"start":{"line":781,"column":4},"end":{"line":781,"column":43}},"151":{"start":{"line":808,"column":2},"end":{"line":811,"column":3}},"152":{"start":{"line":809,"column":4},"end":{"line":810,"column":64}},"153":{"start":{"line":836,"column":2},"end":{"line":839,"column":3}},"154":{"start":{"line":837,"column":4},"end":{"line":837,"column":28}},"155":{"start":{"line":838,"column":4},"end":{"line":838,"column":63}},"156":{"start":{"line":864,"column":2},"end":{"line":866,"column":3}},"157":{"start":{"line":865,"column":4},"end":{"line":865,"column":47}},"158":{"start":{"line":893,"column":2},"end":{"line":896,"column":3}},"159":{"start":{"line":894,"column":4},"end":{"line":895,"column":71}},"160":{"start":{"line":914,"column":2},"end":{"line":917,"column":3}},"161":{"start":{"line":915,"column":4},"end":{"line":916,"column":90}},"162":{"start":{"line":943,"column":2},"end":{"line":954,"column":3}},"163":{"start":{"line":944,"column":4},"end":{"line":946,"column":5}},"164":{"start":{"line":945,"column":6},"end":{"line":945,"column":37}},"165":{"start":{"line":947,"column":4},"end":{"line":947,"column":28}},"166":{"start":{"line":948,"column":4},"end":{"line":951,"column":5}},"167":{"start":{"line":949,"column":6},"end":{"line":949,"column":38}},"168":{"start":{"line":950,"column":6},"end":{"line":950,"column":32}},"169":{"start":{"line":952,"column":4},"end":{"line":952,"column":30}},"170":{"start":{"line":953,"column":4},"end":{"line":953,"column":73}},"171":{"start":{"line":978,"column":2},"end":{"line":991,"column":3}},"172":{"start":{"line":979,"column":4},"end":{"line":982,"column":5}},"173":{"start":{"line":980,"column":6},"end":{"line":980,"column":70}},"174":{"start":{"line":981,"column":6},"end":{"line":981,"column":53}},"175":{"start":{"line":983,"column":4},"end":{"line":985,"column":5}},"176":{"start":{"line":984,"column":6},"end":{"line":984,"column":42}},"177":{"start":{"line":986,"column":4},"end":{"line":986,"column":38}},"178":{"start":{"line":987,"column":4},"end":{"line":987,"column":42}},"179":{"start":{"line":988,"column":4},"end":{"line":990,"column":48}},"180":{"start":{"line":1022,"column":2},"end":{"line":1024,"column":5}},"181":{"start":{"line":1023,"column":4},"end":{"line":1023,"column":63}},"182":{"start":{"line":1045,"column":2},"end":{"line":1048,"column":5}},"183":{"start":{"line":1046,"column":4},"end":{"line":1046,"column":43}},"184":{"start":{"line":1047,"column":4},"end":{"line":1047,"column":48}},"185":{"start":{"line":1072,"column":2},"end":{"line":1090,"column":3}},"186":{"start":{"line":1073,"column":4},"end":{"line":1080,"column":31}},"187":{"start":{"line":1082,"column":4},"end":{"line":1088,"column":5}},"188":{"start":{"line":1083,"column":6},"end":{"line":1083,"column":29}},"189":{"start":{"line":1084,"column":6},"end":{"line":1087,"column":7}},"190":{"start":{"line":1086,"column":8},"end":{"line":1086,"column":25}},"191":{"start":{"line":1089,"column":4},"end":{"line":1089,"column":18}},"192":{"start":{"line":1112,"column":2},"end":{"line":1126,"column":3}},"193":{"start":{"line":1113,"column":4},"end":{"line":1116,"column":5}},"194":{"start":{"line":1114,"column":6},"end":{"line":1114,"column":20}},"195":{"start":{"line":1115,"column":6},"end":{"line":1115,"column":24}},"196":{"start":{"line":1117,"column":4},"end":{"line":1120,"column":5}},"197":{"start":{"line":1118,"column":6},"end":{"line":1118,"column":30}},"198":{"start":{"line":1119,"column":6},"end":{"line":1119,"column":42}},"199":{"start":{"line":1121,"column":4},"end":{"line":1124,"column":5}},"200":{"start":{"line":1122,"column":6},"end":{"line":1122,"column":30}},"201":{"start":{"line":1123,"column":6},"end":{"line":1123,"column":42}},"202":{"start":{"line":1125,"column":4},"end":{"line":1125,"column":53}},"203":{"start":{"line":1158,"column":2},"end":{"line":1195,"column":3}},"204":{"start":{"line":1159,"column":4},"end":{"line":1161,"column":5}},"205":{"start":{"line":1160,"column":6},"end":{"line":1160,"column":35}},"206":{"start":{"line":1162,"column":4},"end":{"line":1171,"column":5}},"207":{"start":{"line":1163,"column":6},"end":{"line":1170,"column":7}},"208":{"start":{"line":1164,"column":8},"end":{"line":1164,"column":25}},"209":{"start":{"line":1165,"column":8},"end":{"line":1165,"column":26}},"210":{"start":{"line":1167,"column":11},"end":{"line":1170,"column":7}},"211":{"start":{"line":1168,"column":8},"end":{"line":1168,"column":25}},"212":{"start":{"line":1169,"column":8},"end":{"line":1169,"column":26}},"213":{"start":{"line":1172,"column":4},"end":{"line":1184,"column":5}},"214":{"start":{"line":1173,"column":6},"end":{"line":1173,"column":16}},"215":{"start":{"line":1174,"column":6},"end":{"line":1174,"column":16}},"216":{"start":{"line":1177,"column":6},"end":{"line":1177,"column":35}},"217":{"start":{"line":1178,"column":6},"end":{"line":1183,"column":7}},"218":{"start":{"line":1179,"column":8},"end":{"line":1179,"column":22}},"219":{"start":{"line":1180,"column":8},"end":{"line":1180,"column":18}},"220":{"start":{"line":1182,"column":8},"end":{"line":1182,"column":37}},"221":{"start":{"line":1185,"column":4},"end":{"line":1189,"column":5}},"222":{"start":{"line":1186,"column":6},"end":{"line":1186,"column":23}},"223":{"start":{"line":1187,"column":6},"end":{"line":1187,"column":20}},"224":{"start":{"line":1188,"column":6},"end":{"line":1188,"column":19}},"225":{"start":{"line":1190,"column":4},"end":{"line":1193,"column":5}},"226":{"start":{"line":1191,"column":6},"end":{"line":1191,"column":32}},"227":{"start":{"line":1192,"column":6},"end":{"line":1192,"column":115}},"228":{"start":{"line":1194,"column":4},"end":{"line":1194,"column":36}},"229":{"start":{"line":1200,"column":2},"end":{"line":1200,"column":37}},"230":{"start":{"line":1201,"column":2},"end":{"line":1201,"column":29}},"231":{"start":{"line":1202,"column":2},"end":{"line":1202,"column":25}},"232":{"start":{"line":1203,"column":2},"end":{"line":1203,"column":21}},"233":{"start":{"line":1206,"column":2},"end":{"line":1206,"column":35}},"234":{"start":{"line":1211,"column":2},"end":{"line":1211,"column":23}},"235":{"start":{"line":1212,"column":2},"end":{"line":1212,"column":17}},"236":{"start":{"line":1213,"column":2},"end":{"line":1213,"column":35}},"237":{"start":{"line":1214,"column":2},"end":{"line":1214,"column":27}},"238":{"start":{"line":1215,"column":2},"end":{"line":1215,"column":35}},"239":{"start":{"line":1216,"column":2},"end":{"line":1216,"column":47}},"240":{"start":{"line":1217,"column":2},"end":{"line":1217,"column":33}},"241":{"start":{"line":1218,"column":2},"end":{"line":1218,"column":29}},"242":{"start":{"line":1219,"column":2},"end":{"line":1219,"column":29}},"243":{"start":{"line":1220,"column":2},"end":{"line":1220,"column":29}},"244":{"start":{"line":1221,"column":2},"end":{"line":1221,"column":37}},"245":{"start":{"line":1222,"column":2},"end":{"line":1222,"column":29}},"246":{"start":{"line":1223,"column":2},"end":{"line":1223,"column":25}},"247":{"start":{"line":1224,"column":2},"end":{"line":1224,"column":31}},"248":{"start":{"line":1225,"column":2},"end":{"line":1225,"column":29}},"249":{"start":{"line":1236,"column":2},"end":{"line":1236,"column":27}},"250":{"start":{"line":1243,"column":2},"end":{"line":1243,"column":44}},"251":{"start":{"line":1246,"column":2},"end":{"line":1265,"column":3}},"252":{"start":{"line":1249,"column":4},"end":{"line":1251,"column":7}},"253":{"start":{"line":1250,"column":6},"end":{"line":1250,"column":20}},"254":{"start":{"line":1254,"column":7},"end":{"line":1265,"column":3}},"255":{"start":{"line":1256,"column":4},"end":{"line":1258,"column":5}},"256":{"start":{"line":1257,"column":6},"end":{"line":1257,"column":47}},"257":{"start":{"line":1260,"column":4},"end":{"line":1260,"column":27}},"258":{"start":{"line":1264,"column":4},"end":{"line":1264,"column":20}},"259":{"start":{"line":1268,"column":0},"end":{"line":1269,"column":83}},"260":{"start":{"line":1269,"column":27},"end":{"line":1269,"column":80}},"261":{"start":{"line":1269,"column":46},"end":{"line":1269,"column":77}},"262":{"start":{"line":1271,"column":0},"end":{"line":1884,"column":5}},"263":{"start":{"line":1272,"column":2},"end":{"line":1325,"column":3}},"264":{"start":{"line":1273,"column":4},"end":{"line":1273,"column":48}},"265":{"start":{"line":1274,"column":4},"end":{"line":1274,"column":48}},"266":{"start":{"line":1275,"column":4},"end":{"line":1275,"column":48}},"267":{"start":{"line":1276,"column":4},"end":{"line":1276,"column":48}},"268":{"start":{"line":1277,"column":4},"end":{"line":1277,"column":48}},"269":{"start":{"line":1278,"column":4},"end":{"line":1278,"column":48}},"270":{"start":{"line":1279,"column":4},"end":{"line":1279,"column":48}},"271":{"start":{"line":1280,"column":4},"end":{"line":1280,"column":48}},"272":{"start":{"line":1281,"column":4},"end":{"line":1281,"column":52}},"273":{"start":{"line":1282,"column":4},"end":{"line":1282,"column":36}},"274":{"start":{"line":1283,"column":4},"end":{"line":1283,"column":46}},"275":{"start":{"line":1284,"column":4},"end":{"line":1284,"column":56}},"276":{"start":{"line":1285,"column":4},"end":{"line":1285,"column":54}},"277":{"start":{"line":1286,"column":4},"end":{"line":1286,"column":38}},"278":{"start":{"line":1287,"column":4},"end":{"line":1287,"column":36}},"279":{"start":{"line":1288,"column":4},"end":{"line":1288,"column":36}},"280":{"start":{"line":1289,"column":4},"end":{"line":1289,"column":48}},"281":{"start":{"line":1290,"column":4},"end":{"line":1290,"column":36}},"282":{"start":{"line":1291,"column":4},"end":{"line":1291,"column":48}},"283":{"start":{"line":1292,"column":4},"end":{"line":1292,"column":36}},"284":{"start":{"line":1293,"column":4},"end":{"line":1293,"column":38}},"285":{"start":{"line":1294,"column":4},"end":{"line":1294,"column":40}},"286":{"start":{"line":1295,"column":4},"end":{"line":1295,"column":36}},"287":{"start":{"line":1296,"column":4},"end":{"line":1296,"column":40}},"288":{"start":{"line":1297,"column":4},"end":{"line":1297,"column":40}},"289":{"start":{"line":1298,"column":4},"end":{"line":1298,"column":50}},"290":{"start":{"line":1299,"column":4},"end":{"line":1299,"column":36}},"291":{"start":{"line":1300,"column":4},"end":{"line":1324,"column":5}},"292":{"start":{"line":1301,"column":6},"end":{"line":1317,"column":7}},"293":{"start":{"line":1303,"column":10},"end":{"line":1307,"column":12}},"294":{"start":{"line":1308,"column":10},"end":{"line":1308,"column":16}},"295":{"start":{"line":1310,"column":10},"end":{"line":1310,"column":47}},"296":{"start":{"line":1311,"column":10},"end":{"line":1311,"column":16}},"297":{"start":{"line":1313,"column":10},"end":{"line":1313,"column":47}},"298":{"start":{"line":1314,"column":10},"end":{"line":1314,"column":16}},"299":{"start":{"line":1316,"column":10},"end":{"line":1316,"column":47}},"300":{"start":{"line":1319,"column":6},"end":{"line":1323,"column":8}},"301":{"start":{"line":1327,"column":2},"end":{"line":1332,"column":4}},"302":{"start":{"line":1328,"column":4},"end":{"line":1330,"column":5}},"303":{"start":{"line":1329,"column":6},"end":{"line":1329,"column":18}},"304":{"start":{"line":1331,"column":4},"end":{"line":1331,"column":17}},"305":{"start":{"line":1334,"column":2},"end":{"line":1339,"column":4}},"306":{"start":{"line":1335,"column":4},"end":{"line":1337,"column":5}},"307":{"start":{"line":1336,"column":6},"end":{"line":1336,"column":18}},"308":{"start":{"line":1338,"column":4},"end":{"line":1338,"column":17}},"309":{"start":{"line":1341,"column":2},"end":{"line":1348,"column":4}},"310":{"start":{"line":1342,"column":4},"end":{"line":1342,"column":16}},"311":{"start":{"line":1343,"column":4},"end":{"line":1343,"column":55}},"312":{"start":{"line":1344,"column":4},"end":{"line":1346,"column":5}},"313":{"start":{"line":1345,"column":6},"end":{"line":1345,"column":18}},"314":{"start":{"line":1347,"column":4},"end":{"line":1347,"column":17}},"315":{"start":{"line":1350,"column":2},"end":{"line":1355,"column":4}},"316":{"start":{"line":1351,"column":4},"end":{"line":1353,"column":5}},"317":{"start":{"line":1352,"column":6},"end":{"line":1352,"column":18}},"318":{"start":{"line":1354,"column":4},"end":{"line":1354,"column":17}},"319":{"start":{"line":1357,"column":2},"end":{"line":1364,"column":4}},"320":{"start":{"line":1358,"column":4},"end":{"line":1358,"column":16}},"321":{"start":{"line":1359,"column":4},"end":{"line":1359,"column":54}},"322":{"start":{"line":1360,"column":4},"end":{"line":1362,"column":5}},"323":{"start":{"line":1361,"column":6},"end":{"line":1361,"column":18}},"324":{"start":{"line":1363,"column":4},"end":{"line":1363,"column":17}},"325":{"start":{"line":1366,"column":2},"end":{"line":1373,"column":4}},"326":{"start":{"line":1367,"column":4},"end":{"line":1367,"column":16}},"327":{"start":{"line":1368,"column":4},"end":{"line":1368,"column":42}},"328":{"start":{"line":1369,"column":4},"end":{"line":1371,"column":5}},"329":{"start":{"line":1370,"column":6},"end":{"line":1370,"column":18}},"330":{"start":{"line":1372,"column":4},"end":{"line":1372,"column":17}},"331":{"start":{"line":1375,"column":2},"end":{"line":1381,"column":4}},"332":{"start":{"line":1376,"column":4},"end":{"line":1379,"column":5}},"333":{"start":{"line":1377,"column":6},"end":{"line":1377,"column":46}},"334":{"start":{"line":1378,"column":6},"end":{"line":1378,"column":18}},"335":{"start":{"line":1380,"column":4},"end":{"line":1380,"column":26}},"336":{"start":{"line":1383,"column":2},"end":{"line":1389,"column":4}},"337":{"start":{"line":1384,"column":4},"end":{"line":1387,"column":5}},"338":{"start":{"line":1385,"column":6},"end":{"line":1385,"column":38}},"339":{"start":{"line":1386,"column":6},"end":{"line":1386,"column":18}},"340":{"start":{"line":1388,"column":4},"end":{"line":1388,"column":26}},"341":{"start":{"line":1391,"column":2},"end":{"line":1391,"column":51}},"342":{"start":{"line":1393,"column":2},"end":{"line":1399,"column":4}},"343":{"start":{"line":1394,"column":4},"end":{"line":1397,"column":5}},"344":{"start":{"line":1395,"column":6},"end":{"line":1395,"column":38}},"345":{"start":{"line":1396,"column":6},"end":{"line":1396,"column":18}},"346":{"start":{"line":1398,"column":4},"end":{"line":1398,"column":26}},"347":{"start":{"line":1401,"column":2},"end":{"line":1401,"column":46}},"348":{"start":{"line":1403,"column":2},"end":{"line":1403,"column":53}},"349":{"start":{"line":1405,"column":2},"end":{"line":1411,"column":4}},"350":{"start":{"line":1406,"column":4},"end":{"line":1409,"column":5}},"351":{"start":{"line":1407,"column":6},"end":{"line":1407,"column":38}},"352":{"start":{"line":1408,"column":6},"end":{"line":1408,"column":18}},"353":{"start":{"line":1410,"column":4},"end":{"line":1410,"column":26}},"354":{"start":{"line":1413,"column":2},"end":{"line":1413,"column":50}},"355":{"start":{"line":1415,"column":2},"end":{"line":1424,"column":4}},"356":{"start":{"line":1416,"column":4},"end":{"line":1416,"column":12}},"357":{"start":{"line":1417,"column":4},"end":{"line":1422,"column":5}},"358":{"start":{"line":1418,"column":6},"end":{"line":1418,"column":41}},"359":{"start":{"line":1419,"column":6},"end":{"line":1419,"column":37}},"360":{"start":{"line":1420,"column":6},"end":{"line":1420,"column":41}},"361":{"start":{"line":1421,"column":6},"end":{"line":1421,"column":18}},"362":{"start":{"line":1423,"column":4},"end":{"line":1423,"column":42}},"363":{"start":{"line":1426,"column":2},"end":{"line":1435,"column":4}},"364":{"start":{"line":1427,"column":4},"end":{"line":1427,"column":12}},"365":{"start":{"line":1428,"column":4},"end":{"line":1433,"column":5}},"366":{"start":{"line":1429,"column":6},"end":{"line":1429,"column":41}},"367":{"start":{"line":1430,"column":6},"end":{"line":1430,"column":37}},"368":{"start":{"line":1431,"column":6},"end":{"line":1431,"column":41}},"369":{"start":{"line":1432,"column":6},"end":{"line":1432,"column":18}},"370":{"start":{"line":1434,"column":4},"end":{"line":1434,"column":42}},"371":{"start":{"line":1437,"column":2},"end":{"line":1446,"column":4}},"372":{"start":{"line":1438,"column":4},"end":{"line":1438,"column":12}},"373":{"start":{"line":1439,"column":4},"end":{"line":1444,"column":5}},"374":{"start":{"line":1440,"column":6},"end":{"line":1440,"column":41}},"375":{"start":{"line":1441,"column":6},"end":{"line":1441,"column":37}},"376":{"start":{"line":1442,"column":6},"end":{"line":1442,"column":41}},"377":{"start":{"line":1443,"column":6},"end":{"line":1443,"column":18}},"378":{"start":{"line":1445,"column":4},"end":{"line":1445,"column":42}},"379":{"start":{"line":1448,"column":2},"end":{"line":1454,"column":4}},"380":{"start":{"line":1449,"column":4},"end":{"line":1452,"column":5}},"381":{"start":{"line":1450,"column":6},"end":{"line":1450,"column":43}},"382":{"start":{"line":1451,"column":6},"end":{"line":1451,"column":18}},"383":{"start":{"line":1453,"column":4},"end":{"line":1453,"column":40}},"384":{"start":{"line":1456,"column":2},"end":{"line":1463,"column":4}},"385":{"start":{"line":1457,"column":4},"end":{"line":1457,"column":12}},"386":{"start":{"line":1458,"column":4},"end":{"line":1458,"column":39}},"387":{"start":{"line":1459,"column":4},"end":{"line":1461,"column":5}},"388":{"start":{"line":1460,"column":6},"end":{"line":1460,"column":62}},"389":{"start":{"line":1462,"column":4},"end":{"line":1462,"column":84}},"390":{"start":{"line":1465,"column":2},"end":{"line":1471,"column":4}},"391":{"start":{"line":1466,"column":4},"end":{"line":1469,"column":5}},"392":{"start":{"line":1467,"column":6},"end":{"line":1467,"column":43}},"393":{"start":{"line":1468,"column":6},"end":{"line":1468,"column":18}},"394":{"start":{"line":1470,"column":4},"end":{"line":1470,"column":40}},"395":{"start":{"line":1473,"column":2},"end":{"line":1480,"column":4}},"396":{"start":{"line":1474,"column":4},"end":{"line":1474,"column":12}},"397":{"start":{"line":1475,"column":4},"end":{"line":1475,"column":39}},"398":{"start":{"line":1476,"column":4},"end":{"line":1478,"column":5}},"399":{"start":{"line":1477,"column":6},"end":{"line":1477,"column":80}},"400":{"start":{"line":1479,"column":4},"end":{"line":1479,"column":102}},"401":{"start":{"line":1482,"column":2},"end":{"line":1488,"column":4}},"402":{"start":{"line":1483,"column":4},"end":{"line":1486,"column":5}},"403":{"start":{"line":1484,"column":6},"end":{"line":1484,"column":27}},"404":{"start":{"line":1485,"column":6},"end":{"line":1485,"column":18}},"405":{"start":{"line":1487,"column":4},"end":{"line":1487,"column":24}},"406":{"start":{"line":1490,"column":2},"end":{"line":1496,"column":4}},"407":{"start":{"line":1491,"column":4},"end":{"line":1494,"column":5}},"408":{"start":{"line":1492,"column":6},"end":{"line":1492,"column":43}},"409":{"start":{"line":1493,"column":6},"end":{"line":1493,"column":18}},"410":{"start":{"line":1495,"column":4},"end":{"line":1495,"column":40}},"411":{"start":{"line":1498,"column":2},"end":{"line":1501,"column":4}},"412":{"start":{"line":1499,"column":4},"end":{"line":1499,"column":60}},"413":{"start":{"line":1500,"column":4},"end":{"line":1500,"column":16}},"414":{"start":{"line":1503,"column":2},"end":{"line":1512,"column":4}},"415":{"start":{"line":1504,"column":4},"end":{"line":1504,"column":18}},"416":{"start":{"line":1505,"column":4},"end":{"line":1510,"column":5}},"417":{"start":{"line":1506,"column":6},"end":{"line":1506,"column":49}},"418":{"start":{"line":1507,"column":6},"end":{"line":1509,"column":7}},"419":{"start":{"line":1508,"column":8},"end":{"line":1508,"column":43}},"420":{"start":{"line":1511,"column":4},"end":{"line":1511,"column":47}},"421":{"start":{"line":1514,"column":2},"end":{"line":1516,"column":4}},"422":{"start":{"line":1515,"column":4},"end":{"line":1515,"column":28}},"423":{"start":{"line":1518,"column":2},"end":{"line":1530,"column":4}},"424":{"start":{"line":1519,"column":4},"end":{"line":1519,"column":35}},"425":{"start":{"line":1520,"column":4},"end":{"line":1520,"column":21}},"426":{"start":{"line":1521,"column":4},"end":{"line":1521,"column":23}},"427":{"start":{"line":1522,"column":4},"end":{"line":1522,"column":23}},"428":{"start":{"line":1523,"column":4},"end":{"line":1523,"column":23}},"429":{"start":{"line":1524,"column":4},"end":{"line":1524,"column":38}},"430":{"start":{"line":1525,"column":4},"end":{"line":1529,"column":5}},"431":{"start":{"line":1526,"column":6},"end":{"line":1526,"column":18}},"432":{"start":{"line":1528,"column":6},"end":{"line":1528,"column":19}},"433":{"start":{"line":1532,"column":2},"end":{"line":1543,"column":4}},"434":{"start":{"line":1533,"column":4},"end":{"line":1533,"column":18}},"435":{"start":{"line":1534,"column":4},"end":{"line":1536,"column":5}},"436":{"start":{"line":1535,"column":6},"end":{"line":1535,"column":19}},"437":{"start":{"line":1537,"column":4},"end":{"line":1537,"column":35}},"438":{"start":{"line":1538,"column":4},"end":{"line":1538,"column":27}},"439":{"start":{"line":1539,"column":4},"end":{"line":1539,"column":64}},"440":{"start":{"line":1540,"column":4},"end":{"line":1540,"column":45}},"441":{"start":{"line":1541,"column":4},"end":{"line":1541,"column":45}},"442":{"start":{"line":1542,"column":4},"end":{"line":1542,"column":16}},"443":{"start":{"line":1545,"column":2},"end":{"line":1562,"column":4}},"444":{"start":{"line":1546,"column":4},"end":{"line":1548,"column":5}},"445":{"start":{"line":1547,"column":6},"end":{"line":1547,"column":19}},"446":{"start":{"line":1549,"column":4},"end":{"line":1551,"column":5}},"447":{"start":{"line":1550,"column":6},"end":{"line":1550,"column":19}},"448":{"start":{"line":1552,"column":4},"end":{"line":1554,"column":5}},"449":{"start":{"line":1553,"column":6},"end":{"line":1553,"column":19}},"450":{"start":{"line":1555,"column":4},"end":{"line":1557,"column":5}},"451":{"start":{"line":1556,"column":6},"end":{"line":1556,"column":26}},"452":{"start":{"line":1558,"column":4},"end":{"line":1560,"column":5}},"453":{"start":{"line":1559,"column":6},"end":{"line":1559,"column":19}},"454":{"start":{"line":1561,"column":4},"end":{"line":1561,"column":47}},"455":{"start":{"line":1564,"column":2},"end":{"line":1590,"column":4}},"456":{"start":{"line":1565,"column":4},"end":{"line":1565,"column":46}},"457":{"start":{"line":1566,"column":4},"end":{"line":1568,"column":5}},"458":{"start":{"line":1567,"column":6},"end":{"line":1567,"column":49}},"459":{"start":{"line":1569,"column":4},"end":{"line":1569,"column":20}},"460":{"start":{"line":1570,"column":4},"end":{"line":1570,"column":20}},"461":{"start":{"line":1571,"column":4},"end":{"line":1571,"column":20}},"462":{"start":{"line":1572,"column":4},"end":{"line":1572,"column":41}},"463":{"start":{"line":1573,"column":4},"end":{"line":1573,"column":41}},"464":{"start":{"line":1574,"column":4},"end":{"line":1581,"column":5}},"465":{"start":{"line":1575,"column":6},"end":{"line":1579,"column":8}},"466":{"start":{"line":1580,"column":6},"end":{"line":1580,"column":20}},"467":{"start":{"line":1582,"column":4},"end":{"line":1582,"column":60}},"468":{"start":{"line":1583,"column":4},"end":{"line":1583,"column":48}},"469":{"start":{"line":1584,"column":4},"end":{"line":1588,"column":6}},"470":{"start":{"line":1589,"column":4},"end":{"line":1589,"column":18}},"471":{"start":{"line":1592,"column":2},"end":{"line":1652,"column":4}},"472":{"start":{"line":1593,"column":4},"end":{"line":1593,"column":59}},"473":{"start":{"line":1594,"column":4},"end":{"line":1596,"column":5}},"474":{"start":{"line":1595,"column":6},"end":{"line":1595,"column":49}},"475":{"start":{"line":1597,"column":4},"end":{"line":1597,"column":20}},"476":{"start":{"line":1598,"column":4},"end":{"line":1598,"column":14}},"477":{"start":{"line":1599,"column":4},"end":{"line":1599,"column":14}},"478":{"start":{"line":1600,"column":4},"end":{"line":1608,"column":5}},"479":{"start":{"line":1601,"column":6},"end":{"line":1601,"column":26}},"480":{"start":{"line":1602,"column":6},"end":{"line":1606,"column":8}},"481":{"start":{"line":1607,"column":6},"end":{"line":1607,"column":20}},"482":{"start":{"line":1609,"column":4},"end":{"line":1609,"column":12}},"483":{"start":{"line":1610,"column":4},"end":{"line":1610,"column":22}},"484":{"start":{"line":1611,"column":4},"end":{"line":1611,"column":14}},"485":{"start":{"line":1612,"column":4},"end":{"line":1612,"column":20}},"486":{"start":{"line":1613,"column":4},"end":{"line":1613,"column":24}},"487":{"start":{"line":1614,"column":4},"end":{"line":1614,"column":30}},"488":{"start":{"line":1615,"column":4},"end":{"line":1645,"column":5}},"489":{"start":{"line":1617,"column":8},"end":{"line":1617,"column":14}},"490":{"start":{"line":1618,"column":8},"end":{"line":1618,"column":14}},"491":{"start":{"line":1619,"column":8},"end":{"line":1619,"column":14}},"492":{"start":{"line":1620,"column":8},"end":{"line":1620,"column":14}},"493":{"start":{"line":1622,"column":8},"end":{"line":1622,"column":14}},"494":{"start":{"line":1623,"column":8},"end":{"line":1623,"column":14}},"495":{"start":{"line":1624,"column":8},"end":{"line":1624,"column":14}},"496":{"start":{"line":1625,"column":8},"end":{"line":1625,"column":14}},"497":{"start":{"line":1627,"column":8},"end":{"line":1627,"column":14}},"498":{"start":{"line":1628,"column":8},"end":{"line":1628,"column":14}},"499":{"start":{"line":1629,"column":8},"end":{"line":1629,"column":14}},"500":{"start":{"line":1630,"column":8},"end":{"line":1630,"column":14}},"501":{"start":{"line":1632,"column":8},"end":{"line":1632,"column":14}},"502":{"start":{"line":1633,"column":8},"end":{"line":1633,"column":14}},"503":{"start":{"line":1634,"column":8},"end":{"line":1634,"column":14}},"504":{"start":{"line":1635,"column":8},"end":{"line":1635,"column":14}},"505":{"start":{"line":1637,"column":8},"end":{"line":1637,"column":14}},"506":{"start":{"line":1638,"column":8},"end":{"line":1638,"column":14}},"507":{"start":{"line":1639,"column":8},"end":{"line":1639,"column":14}},"508":{"start":{"line":1640,"column":8},"end":{"line":1640,"column":14}},"509":{"start":{"line":1642,"column":8},"end":{"line":1642,"column":14}},"510":{"start":{"line":1643,"column":8},"end":{"line":1643,"column":14}},"511":{"start":{"line":1644,"column":8},"end":{"line":1644,"column":14}},"512":{"start":{"line":1646,"column":4},"end":{"line":1650,"column":6}},"513":{"start":{"line":1651,"column":4},"end":{"line":1651,"column":18}},"514":{"start":{"line":1654,"column":2},"end":{"line":1670,"column":4}},"515":{"start":{"line":1655,"column":4},"end":{"line":1655,"column":26}},"516":{"start":{"line":1656,"column":4},"end":{"line":1658,"column":5}},"517":{"start":{"line":1657,"column":6},"end":{"line":1657,"column":49}},"518":{"start":{"line":1659,"column":4},"end":{"line":1661,"column":7}},"519":{"start":{"line":1660,"column":6},"end":{"line":1660,"column":35}},"520":{"start":{"line":1662,"column":4},"end":{"line":1662,"column":41}},"521":{"start":{"line":1663,"column":4},"end":{"line":1663,"column":34}},"522":{"start":{"line":1664,"column":4},"end":{"line":1668,"column":6}},"523":{"start":{"line":1669,"column":4},"end":{"line":1669,"column":18}},"524":{"start":{"line":1672,"column":2},"end":{"line":1674,"column":4}},"525":{"start":{"line":1673,"column":4},"end":{"line":1673,"column":47}},"526":{"start":{"line":1676,"column":2},"end":{"line":1683,"column":4}},"527":{"start":{"line":1677,"column":4},"end":{"line":1677,"column":13}},"528":{"start":{"line":1678,"column":4},"end":{"line":1680,"column":5}},"529":{"start":{"line":1679,"column":6},"end":{"line":1679,"column":49}},"530":{"start":{"line":1681,"column":4},"end":{"line":1681,"column":48}},"531":{"start":{"line":1682,"column":4},"end":{"line":1682,"column":60}},"532":{"start":{"line":1685,"column":2},"end":{"line":1687,"column":4}},"533":{"start":{"line":1686,"column":4},"end":{"line":1686,"column":47}},"534":{"start":{"line":1689,"column":2},"end":{"line":1708,"column":4}},"535":{"start":{"line":1690,"column":4},"end":{"line":1690,"column":37}},"536":{"start":{"line":1691,"column":4},"end":{"line":1693,"column":5}},"537":{"start":{"line":1692,"column":6},"end":{"line":1692,"column":49}},"538":{"start":{"line":1694,"column":4},"end":{"line":1694,"column":36}},"539":{"start":{"line":1695,"column":4},"end":{"line":1695,"column":30}},"540":{"start":{"line":1696,"column":4},"end":{"line":1700,"column":5}},"541":{"start":{"line":1697,"column":6},"end":{"line":1697,"column":40}},"542":{"start":{"line":1699,"column":6},"end":{"line":1699,"column":46}},"543":{"start":{"line":1701,"column":4},"end":{"line":1701,"column":30}},"544":{"start":{"line":1702,"column":4},"end":{"line":1706,"column":6}},"545":{"start":{"line":1707,"column":4},"end":{"line":1707,"column":18}},"546":{"start":{"line":1710,"column":2},"end":{"line":1729,"column":4}},"547":{"start":{"line":1711,"column":4},"end":{"line":1711,"column":37}},"548":{"start":{"line":1712,"column":4},"end":{"line":1714,"column":5}},"549":{"start":{"line":1713,"column":6},"end":{"line":1713,"column":49}},"550":{"start":{"line":1715,"column":4},"end":{"line":1715,"column":15}},"551":{"start":{"line":1716,"column":4},"end":{"line":1720,"column":5}},"552":{"start":{"line":1717,"column":6},"end":{"line":1717,"column":21}},"553":{"start":{"line":1719,"column":6},"end":{"line":1719,"column":25}},"554":{"start":{"line":1721,"column":4},"end":{"line":1721,"column":36}},"555":{"start":{"line":1722,"column":4},"end":{"line":1722,"column":46}},"556":{"start":{"line":1723,"column":4},"end":{"line":1727,"column":6}},"557":{"start":{"line":1728,"column":4},"end":{"line":1728,"column":18}},"558":{"start":{"line":1731,"column":2},"end":{"line":1880,"column":4}},"559":{"start":{"line":1882,"column":2},"end":{"line":1882,"column":15}},"560":{"start":{"line":1888,"column":0},"end":{"line":1888,"column":45}},"561":{"start":{"line":1890,"column":0},"end":{"line":1892,"column":2}},"562":{"start":{"line":1891,"column":2},"end":{"line":1891,"column":26}},"563":{"start":{"line":1894,"column":0},"end":{"line":1894,"column":24}},"564":{"start":{"line":1896,"column":0},"end":{"line":1910,"column":2}},"565":{"start":{"line":1912,"column":0},"end":{"line":1924,"column":2}},"566":{"start":{"line":1913,"column":2},"end":{"line":1913,"column":18}},"567":{"start":{"line":1914,"column":2},"end":{"line":1914,"column":22}},"568":{"start":{"line":1915,"column":2},"end":{"line":1915,"column":30}},"569":{"start":{"line":1916,"column":2},"end":{"line":1916,"column":69}},"570":{"start":{"line":1917,"column":2},"end":{"line":1921,"column":3}},"571":{"start":{"line":1918,"column":4},"end":{"line":1918,"column":24}},"572":{"start":{"line":1920,"column":4},"end":{"line":1920,"column":48}},"573":{"start":{"line":1922,"column":2},"end":{"line":1922,"column":41}},"574":{"start":{"line":1923,"column":2},"end":{"line":1923,"column":15}},"575":{"start":{"line":1926,"column":0},"end":{"line":1934,"column":2}},"576":{"start":{"line":1927,"column":2},"end":{"line":1927,"column":17}},"577":{"start":{"line":1928,"column":2},"end":{"line":1928,"column":22}},"578":{"start":{"line":1929,"column":2},"end":{"line":1929,"column":25}},"579":{"start":{"line":1930,"column":2},"end":{"line":1930,"column":39}},"580":{"start":{"line":1931,"column":2},"end":{"line":1931,"column":46}},"581":{"start":{"line":1932,"column":2},"end":{"line":1932,"column":41}},"582":{"start":{"line":1933,"column":2},"end":{"line":1933,"column":15}},"583":{"start":{"line":1936,"column":0},"end":{"line":1943,"column":2}},"584":{"start":{"line":1937,"column":2},"end":{"line":1937,"column":12}},"585":{"start":{"line":1938,"column":2},"end":{"line":1938,"column":22}},"586":{"start":{"line":1939,"column":2},"end":{"line":1939,"column":30}},"587":{"start":{"line":1940,"column":2},"end":{"line":1940,"column":43}},"588":{"start":{"line":1941,"column":2},"end":{"line":1941,"column":38}},"589":{"start":{"line":1942,"column":2},"end":{"line":1942,"column":15}},"590":{"start":{"line":1945,"column":0},"end":{"line":1959,"column":2}},"591":{"start":{"line":1946,"column":2},"end":{"line":1949,"column":3}},"592":{"start":{"line":1947,"column":4},"end":{"line":1947,"column":105}},"593":{"start":{"line":1948,"column":4},"end":{"line":1948,"column":43}},"594":{"start":{"line":1950,"column":2},"end":{"line":1953,"column":3}},"595":{"start":{"line":1951,"column":4},"end":{"line":1951,"column":107}},"596":{"start":{"line":1952,"column":4},"end":{"line":1952,"column":45}},"597":{"start":{"line":1954,"column":2},"end":{"line":1957,"column":3}},"598":{"start":{"line":1955,"column":4},"end":{"line":1955,"column":115}},"599":{"start":{"line":1956,"column":4},"end":{"line":1956,"column":53}},"600":{"start":{"line":1958,"column":2},"end":{"line":1958,"column":17}},"601":{"start":{"line":1961,"column":0},"end":{"line":1967,"column":2}},"602":{"start":{"line":1962,"column":2},"end":{"line":1964,"column":3}},"603":{"start":{"line":1963,"column":4},"end":{"line":1963,"column":17}},"604":{"start":{"line":1965,"column":2},"end":{"line":1965,"column":109}},"605":{"start":{"line":1966,"column":2},"end":{"line":1966,"column":28}},"606":{"start":{"line":1969,"column":0},"end":{"line":1980,"column":2}},"607":{"start":{"line":1970,"column":2},"end":{"line":1970,"column":30}},"608":{"start":{"line":1971,"column":2},"end":{"line":1973,"column":3}},"609":{"start":{"line":1972,"column":4},"end":{"line":1972,"column":17}},"610":{"start":{"line":1974,"column":2},"end":{"line":1974,"column":66}},"611":{"start":{"line":1975,"column":2},"end":{"line":1975,"column":14}},"612":{"start":{"line":1976,"column":2},"end":{"line":1978,"column":3}},"613":{"start":{"line":1977,"column":4},"end":{"line":1977,"column":46}},"614":{"start":{"line":1979,"column":2},"end":{"line":1979,"column":16}},"615":{"start":{"line":1981,"column":0},"end":{"line":1986,"column":2}},"616":{"start":{"line":1982,"column":2},"end":{"line":1982,"column":17}},"617":{"start":{"line":1984,"column":6},"end":{"line":1986,"column":2}},"618":{"start":{"line":1985,"column":2},"end":{"line":1985,"column":26}},"619":{"start":{"line":1987,"column":1},"end":{"line":1987,"column":22}}},"branchMap":{"1":{"line":64,"type":"cond-expr","locations":[{"start":{"line":65,"column":6},"end":{"line":65,"column":13}},{"start":{"line":66,"column":6},"end":{"line":66,"column":15}}]},"2":{"line":64,"type":"binary-expr","locations":[{"start":{"line":64,"column":21},"end":{"line":64,"column":48}},{"start":{"line":64,"column":52},"end":{"line":64,"column":59}},{"start":{"line":64,"column":63},"end":{"line":64,"column":80}}]},"3":{"line":69,"type":"cond-expr","locations":[{"start":{"line":70,"column":6},"end":{"line":70,"column":12}},{"start":{"line":71,"column":6},"end":{"line":71,"column":15}}]},"4":{"line":69,"type":"binary-expr","locations":[{"start":{"line":69,"column":20},"end":{"line":69,"column":46}},{"start":{"line":69,"column":50},"end":{"line":69,"column":56}},{"start":{"line":69,"column":60},"end":{"line":69,"column":76}}]},"5":{"line":74,"type":"cond-expr","locations":[{"start":{"line":75,"column":6},"end":{"line":75,"column":17}},{"start":{"line":76,"column":6},"end":{"line":76,"column":15}}]},"6":{"line":74,"type":"binary-expr","locations":[{"start":{"line":74,"column":23},"end":{"line":74,"column":33}},{"start":{"line":74,"column":37},"end":{"line":74,"column":71}}]},"7":{"line":79,"type":"binary-expr","locations":[{"start":{"line":79,"column":31},"end":{"line":79,"column":42}},{"start":{"line":79,"column":46},"end":{"line":79,"column":56}},{"start":{"line":79,"column":60},"end":{"line":79,"column":85}},{"start":{"line":79,"column":89},"end":{"line":79,"column":95}}]},"8":{"line":82,"type":"binary-expr","locations":[{"start":{"line":82,"column":29},"end":{"line":82,"column":53}},{"start":{"line":82,"column":57},"end":{"line":82,"column":61}}]},"9":{"line":85,"type":"binary-expr","locations":[{"start":{"line":85,"column":31},"end":{"line":85,"column":57}},{"start":{"line":85,"column":61},"end":{"line":85,"column":67}}]},"10":{"line":88,"type":"binary-expr","locations":[{"start":{"line":88,"column":31},"end":{"line":88,"column":55}},{"start":{"line":88,"column":59},"end":{"line":88,"column":63}}]},"11":{"line":96,"type":"binary-expr","locations":[{"start":{"line":96,"column":13},"end":{"line":96,"column":23}},{"start":{"line":97,"column":6},"end":{"line":97,"column":54}},{"start":{"line":97,"column":59},"end":{"line":97,"column":69}},{"start":{"line":98,"column":6},"end":{"line":98,"column":14}},{"start":{"line":98,"column":18},"end":{"line":98,"column":28}},{"start":{"line":98,"column":32},"end":{"line":98,"column":57}}]},"12":{"line":97,"type":"binary-expr","locations":[{"start":{"line":97,"column":22},"end":{"line":97,"column":32}},{"start":{"line":97,"column":36},"end":{"line":97,"column":53}}]},"13":{"line":114,"type":"switch","locations":[{"start":{"line":115,"column":6},"end":{"line":115,"column":40}},{"start":{"line":116,"column":6},"end":{"line":116,"column":49}},{"start":{"line":117,"column":6},"end":{"line":117,"column":58}},{"start":{"line":118,"column":6},"end":{"line":118,"column":67}}]},"14":{"line":150,"type":"cond-expr","locations":[{"start":{"line":150,"column":48},"end":{"line":150,"column":53}},{"start":{"line":150,"column":56},"end":{"line":150,"column":60}}]},"15":{"line":150,"type":"binary-expr","locations":[{"start":{"line":150,"column":12},"end":{"line":150,"column":17}},{"start":{"line":150,"column":21},"end":{"line":150,"column":44}}]},"16":{"line":162,"type":"cond-expr","locations":[{"start":{"line":162,"column":65},"end":{"line":162,"column":71}},{"start":{"line":162,"column":74},"end":{"line":162,"column":76}}]},"17":{"line":162,"type":"binary-expr","locations":[{"start":{"line":162,"column":13},"end":{"line":162,"column":37}},{"start":{"line":162,"column":41},"end":{"line":162,"column":61}}]},"18":{"line":163,"type":"cond-expr","locations":[{"start":{"line":163,"column":30},"end":{"line":163,"column":46}},{"start":{"line":163,"column":49},"end":{"line":163,"column":55}}]},"19":{"line":164,"type":"binary-expr","locations":[{"start":{"line":164,"column":11},"end":{"line":164,"column":21}},{"start":{"line":164,"column":25},"end":{"line":164,"column":39}},{"start":{"line":164,"column":43},"end":{"line":164,"column":57}}]},"20":{"line":201,"type":"cond-expr","locations":[{"start":{"line":201,"column":28},"end":{"line":201,"column":45}},{"start":{"line":201,"column":48},"end":{"line":201,"column":57}}]},"21":{"line":344,"type":"if","locations":[{"start":{"line":344,"column":4},"end":{"line":344,"column":4}},{"start":{"line":344,"column":4},"end":{"line":344,"column":4}}]},"22":{"line":344,"type":"binary-expr","locations":[{"start":{"line":344,"column":8},"end":{"line":344,"column":30}},{"start":{"line":345,"column":9},"end":{"line":345,"column":39}},{"start":{"line":345,"column":43},"end":{"line":345,"column":76}}]},"23":{"line":363,"type":"if","locations":[{"start":{"line":363,"column":4},"end":{"line":363,"column":4}},{"start":{"line":363,"column":4},"end":{"line":363,"column":4}}]},"24":{"line":363,"type":"binary-expr","locations":[{"start":{"line":363,"column":8},"end":{"line":363,"column":66}},{"start":{"line":364,"column":9},"end":{"line":364,"column":28}},{"start":{"line":364,"column":32},"end":{"line":364,"column":48}}]},"25":{"line":363,"type":"binary-expr","locations":[{"start":{"line":363,"column":10},"end":{"line":363,"column":42}},{"start":{"line":363,"column":46},"end":{"line":363,"column":65}}]},"26":{"line":379,"type":"if","locations":[{"start":{"line":379,"column":4},"end":{"line":379,"column":4}},{"start":{"line":379,"column":4},"end":{"line":379,"column":4}}]},"27":{"line":380,"type":"if","locations":[{"start":{"line":380,"column":6},"end":{"line":380,"column":6}},{"start":{"line":380,"column":6},"end":{"line":380,"column":6}}]},"28":{"line":381,"type":"cond-expr","locations":[{"start":{"line":381,"column":35},"end":{"line":381,"column":41}},{"start":{"line":381,"column":44},"end":{"line":381,"column":49}}]},"29":{"line":383,"type":"if","locations":[{"start":{"line":383,"column":6},"end":{"line":383,"column":6}},{"start":{"line":383,"column":6},"end":{"line":383,"column":6}}]},"30":{"line":384,"type":"cond-expr","locations":[{"start":{"line":384,"column":35},"end":{"line":384,"column":41}},{"start":{"line":384,"column":44},"end":{"line":384,"column":49}}]},"31":{"line":399,"type":"cond-expr","locations":[{"start":{"line":399,"column":30},"end":{"line":399,"column":36}},{"start":{"line":399,"column":39},"end":{"line":399,"column":53}}]},"32":{"line":409,"type":"if","locations":[{"start":{"line":409,"column":2},"end":{"line":409,"column":2}},{"start":{"line":409,"column":2},"end":{"line":409,"column":2}}]},"33":{"line":409,"type":"binary-expr","locations":[{"start":{"line":409,"column":6},"end":{"line":409,"column":15}},{"start":{"line":409,"column":19},"end":{"line":409,"column":74}}]},"34":{"line":424,"type":"cond-expr","locations":[{"start":{"line":424,"column":30},"end":{"line":424,"column":39}},{"start":{"line":424,"column":42},"end":{"line":424,"column":53}}]},"35":{"line":453,"type":"binary-expr","locations":[{"start":{"line":453,"column":4},"end":{"line":453,"column":10}},{"start":{"line":453,"column":15},"end":{"line":453,"column":26}}]},"36":{"line":461,"type":"cond-expr","locations":[{"start":{"line":462,"column":10},"end":{"line":462,"column":67}},{"start":{"line":463,"column":10},"end":{"line":463,"column":21}}]},"37":{"line":481,"type":"cond-expr","locations":[{"start":{"line":481,"column":36},"end":{"line":481,"column":55}},{"start":{"line":481,"column":58},"end":{"line":481,"column":67}}]},"38":{"line":482,"type":"cond-expr","locations":[{"start":{"line":482,"column":31},"end":{"line":482,"column":41}},{"start":{"line":482,"column":44},"end":{"line":482,"column":53}}]},"39":{"line":484,"type":"cond-expr","locations":[{"start":{"line":485,"column":11},"end":{"line":485,"column":31}},{"start":{"line":486,"column":10},"end":{"line":486,"column":19}}]},"40":{"line":488,"type":"if","locations":[{"start":{"line":488,"column":6},"end":{"line":488,"column":6}},{"start":{"line":488,"column":6},"end":{"line":488,"column":6}}]},"41":{"line":488,"type":"binary-expr","locations":[{"start":{"line":488,"column":10},"end":{"line":488,"column":15}},{"start":{"line":488,"column":19},"end":{"line":488,"column":64}}]},"42":{"line":489,"type":"cond-expr","locations":[{"start":{"line":489,"column":34},"end":{"line":489,"column":43}},{"start":{"line":489,"column":46},"end":{"line":489,"column":56}}]},"43":{"line":495,"type":"if","locations":[{"start":{"line":495,"column":8},"end":{"line":495,"column":8}},{"start":{"line":495,"column":8},"end":{"line":495,"column":8}}]},"44":{"line":524,"type":"cond-expr","locations":[{"start":{"line":524,"column":26},"end":{"line":524,"column":39}},{"start":{"line":524,"column":42},"end":{"line":524,"column":51}}]},"45":{"line":525,"type":"if","locations":[{"start":{"line":525,"column":4},"end":{"line":525,"column":4}},{"start":{"line":525,"column":4},"end":{"line":525,"column":4}}]},"46":{"line":525,"type":"binary-expr","locations":[{"start":{"line":525,"column":8},"end":{"line":525,"column":24}},{"start":{"line":526,"column":9},"end":{"line":526,"column":24}},{"start":{"line":526,"column":28},"end":{"line":526,"column":44}},{"start":{"line":526,"column":48},"end":{"line":526,"column":67}}]},"47":{"line":542,"type":"if","locations":[{"start":{"line":542,"column":4},"end":{"line":542,"column":4}},{"start":{"line":542,"column":4},"end":{"line":542,"column":4}}]},"48":{"line":546,"type":"if","locations":[{"start":{"line":546,"column":4},"end":{"line":546,"column":4}},{"start":{"line":546,"column":4},"end":{"line":546,"column":4}}]},"49":{"line":546,"type":"cond-expr","locations":[{"start":{"line":547,"column":11},"end":{"line":547,"column":63}},{"start":{"line":548,"column":11},"end":{"line":548,"column":46}}]},"50":{"line":547,"type":"binary-expr","locations":[{"start":{"line":547,"column":11},"end":{"line":547,"column":30}},{"start":{"line":547,"column":34},"end":{"line":547,"column":63}}]},"51":{"line":548,"type":"binary-expr","locations":[{"start":{"line":548,"column":11},"end":{"line":548,"column":27}},{"start":{"line":548,"column":31},"end":{"line":548,"column":46}}]},"52":{"line":562,"type":"binary-expr","locations":[{"start":{"line":562,"column":15},"end":{"line":562,"column":20}},{"start":{"line":562,"column":24},"end":{"line":562,"column":41}}]},"53":{"line":563,"type":"binary-expr","locations":[{"start":{"line":563,"column":17},"end":{"line":563,"column":33}},{"start":{"line":563,"column":37},"end":{"line":563,"column":51}},{"start":{"line":563,"column":56},"end":{"line":563,"column":67}}]},"54":{"line":593,"type":"if","locations":[{"start":{"line":593,"column":4},"end":{"line":593,"column":4}},{"start":{"line":593,"column":4},"end":{"line":593,"column":4}}]},"55":{"line":596,"type":"cond-expr","locations":[{"start":{"line":596,"column":45},"end":{"line":596,"column":60}},{"start":{"line":596,"column":64},"end":{"line":596,"column":80}}]},"56":{"line":606,"type":"switch","locations":[{"start":{"line":607,"column":8},"end":{"line":607,"column":46}},{"start":{"line":608,"column":8},"end":{"line":608,"column":55}},{"start":{"line":609,"column":8},"end":{"line":609,"column":64}}]},"57":{"line":654,"type":"binary-expr","locations":[{"start":{"line":654,"column":11},"end":{"line":654,"column":26}},{"start":{"line":654,"column":31},"end":{"line":654,"column":46}},{"start":{"line":654,"column":50},"end":{"line":654,"column":65}}]},"58":{"line":675,"type":"binary-expr","locations":[{"start":{"line":675,"column":11},"end":{"line":675,"column":35}},{"start":{"line":675,"column":39},"end":{"line":675,"column":75}},{"start":{"line":676,"column":7},"end":{"line":676,"column":50}},{"start":{"line":676,"column":54},"end":{"line":676,"column":91}}]},"59":{"line":729,"type":"binary-expr","locations":[{"start":{"line":729,"column":11},"end":{"line":729,"column":24}},{"start":{"line":730,"column":6},"end":{"line":730,"column":56}},{"start":{"line":730,"column":60},"end":{"line":730,"column":86}}]},"60":{"line":730,"type":"binary-expr","locations":[{"start":{"line":730,"column":8},"end":{"line":730,"column":34}},{"start":{"line":730,"column":38},"end":{"line":730,"column":55}}]},"61":{"line":757,"type":"binary-expr","locations":[{"start":{"line":757,"column":11},"end":{"line":757,"column":30}},{"start":{"line":757,"column":34},"end":{"line":757,"column":52}}]},"62":{"line":780,"type":"cond-expr","locations":[{"start":{"line":780,"column":32},"end":{"line":780,"column":58}},{"start":{"line":780,"column":61},"end":{"line":780,"column":63}}]},"63":{"line":781,"type":"binary-expr","locations":[{"start":{"line":781,"column":11},"end":{"line":781,"column":25}},{"start":{"line":781,"column":29},"end":{"line":781,"column":42}}]},"64":{"line":809,"type":"binary-expr","locations":[{"start":{"line":809,"column":11},"end":{"line":809,"column":35}},{"start":{"line":810,"column":6},"end":{"line":810,"column":16}},{"start":{"line":810,"column":20},"end":{"line":810,"column":34}},{"start":{"line":810,"column":38},"end":{"line":810,"column":63}}]},"65":{"line":838,"type":"binary-expr","locations":[{"start":{"line":838,"column":11},"end":{"line":838,"column":18}},{"start":{"line":838,"column":23},"end":{"line":838,"column":39}},{"start":{"line":838,"column":43},"end":{"line":838,"column":61}}]},"66":{"line":865,"type":"binary-expr","locations":[{"start":{"line":865,"column":11},"end":{"line":865,"column":18}},{"start":{"line":865,"column":22},"end":{"line":865,"column":46}}]},"67":{"line":894,"type":"binary-expr","locations":[{"start":{"line":894,"column":11},"end":{"line":894,"column":35}},{"start":{"line":895,"column":7},"end":{"line":895,"column":26}},{"start":{"line":895,"column":30},"end":{"line":895,"column":69}}]},"68":{"line":915,"type":"binary-expr","locations":[{"start":{"line":915,"column":11},"end":{"line":915,"column":35}},{"start":{"line":916,"column":7},"end":{"line":916,"column":22}},{"start":{"line":916,"column":26},"end":{"line":916,"column":45}},{"start":{"line":916,"column":49},"end":{"line":916,"column":88}}]},"69":{"line":944,"type":"if","locations":[{"start":{"line":944,"column":4},"end":{"line":944,"column":4}},{"start":{"line":944,"column":4},"end":{"line":944,"column":4}}]},"70":{"line":945,"type":"cond-expr","locations":[{"start":{"line":945,"column":27},"end":{"line":945,"column":32}},{"start":{"line":945,"column":35},"end":{"line":945,"column":36}}]},"71":{"line":948,"type":"if","locations":[{"start":{"line":948,"column":4},"end":{"line":948,"column":4}},{"start":{"line":948,"column":4},"end":{"line":948,"column":4}}]},"72":{"line":948,"type":"binary-expr","locations":[{"start":{"line":948,"column":8},"end":{"line":948,"column":26}},{"start":{"line":948,"column":30},"end":{"line":948,"column":49}}]},"73":{"line":949,"type":"cond-expr","locations":[{"start":{"line":949,"column":30},"end":{"line":949,"column":32}},{"start":{"line":949,"column":35},"end":{"line":949,"column":36}}]},"74":{"line":953,"type":"cond-expr","locations":[{"start":{"line":953,"column":30},"end":{"line":953,"column":67}},{"start":{"line":953,"column":71},"end":{"line":953,"column":72}}]},"75":{"line":953,"type":"cond-expr","locations":[{"start":{"line":953,"column":42},"end":{"line":953,"column":59}},{"start":{"line":953,"column":62},"end":{"line":953,"column":67}}]},"76":{"line":979,"type":"if","locations":[{"start":{"line":979,"column":4},"end":{"line":979,"column":4}},{"start":{"line":979,"column":4},"end":{"line":979,"column":4}}]},"77":{"line":980,"type":"cond-expr","locations":[{"start":{"line":980,"column":46},"end":{"line":980,"column":61}},{"start":{"line":980,"column":64},"end":{"line":980,"column":69}}]},"78":{"line":981,"type":"cond-expr","locations":[{"start":{"line":981,"column":33},"end":{"line":981,"column":43}},{"start":{"line":981,"column":47},"end":{"line":981,"column":52}}]},"79":{"line":983,"type":"if","locations":[{"start":{"line":983,"column":4},"end":{"line":983,"column":4}},{"start":{"line":983,"column":4},"end":{"line":983,"column":4}}]},"80":{"line":984,"type":"cond-expr","locations":[{"start":{"line":984,"column":27},"end":{"line":984,"column":32}},{"start":{"line":984,"column":35},"end":{"line":984,"column":41}}]},"81":{"line":988,"type":"cond-expr","locations":[{"start":{"line":989,"column":8},"end":{"line":989,"column":54}},{"start":{"line":990,"column":9},"end":{"line":990,"column":46}}]},"82":{"line":988,"type":"binary-expr","locations":[{"start":{"line":988,"column":12},"end":{"line":988,"column":20}},{"start":{"line":988,"column":24},"end":{"line":988,"column":45}}]},"83":{"line":989,"type":"cond-expr","locations":[{"start":{"line":989,"column":48},"end":{"line":989,"column":49}},{"start":{"line":989,"column":52},"end":{"line":989,"column":53}}]},"84":{"line":990,"type":"cond-expr","locations":[{"start":{"line":990,"column":34},"end":{"line":990,"column":37}},{"start":{"line":990,"column":40},"end":{"line":990,"column":46}}]},"85":{"line":1079,"type":"binary-expr","locations":[{"start":{"line":1079,"column":17},"end":{"line":1079,"column":24}},{"start":{"line":1079,"column":28},"end":{"line":1079,"column":30}}]},"86":{"line":1084,"type":"if","locations":[{"start":{"line":1084,"column":6},"end":{"line":1084,"column":6}},{"start":{"line":1084,"column":6},"end":{"line":1084,"column":6}}]},"87":{"line":1084,"type":"binary-expr","locations":[{"start":{"line":1084,"column":10},"end":{"line":1084,"column":69}},{"start":{"line":1085,"column":10},"end":{"line":1085,"column":83}}]},"88":{"line":1084,"type":"binary-expr","locations":[{"start":{"line":1084,"column":12},"end":{"line":1084,"column":23}},{"start":{"line":1084,"column":28},"end":{"line":1084,"column":43}},{"start":{"line":1084,"column":47},"end":{"line":1084,"column":67}}]},"89":{"line":1085,"type":"binary-expr","locations":[{"start":{"line":1085,"column":12},"end":{"line":1085,"column":32}},{"start":{"line":1085,"column":37},"end":{"line":1085,"column":44}},{"start":{"line":1085,"column":48},"end":{"line":1085,"column":81}}]},"90":{"line":1113,"type":"if","locations":[{"start":{"line":1113,"column":4},"end":{"line":1113,"column":4}},{"start":{"line":1113,"column":4},"end":{"line":1113,"column":4}}]},"91":{"line":1117,"type":"if","locations":[{"start":{"line":1117,"column":4},"end":{"line":1117,"column":4}},{"start":{"line":1117,"column":4},"end":{"line":1117,"column":4}}]},"92":{"line":1119,"type":"cond-expr","locations":[{"start":{"line":1119,"column":32},"end":{"line":1119,"column":37}},{"start":{"line":1119,"column":40},"end":{"line":1119,"column":41}}]},"93":{"line":1121,"type":"if","locations":[{"start":{"line":1121,"column":4},"end":{"line":1121,"column":4}},{"start":{"line":1121,"column":4},"end":{"line":1121,"column":4}}]},"94":{"line":1123,"type":"cond-expr","locations":[{"start":{"line":1123,"column":32},"end":{"line":1123,"column":37}},{"start":{"line":1123,"column":40},"end":{"line":1123,"column":41}}]},"95":{"line":1159,"type":"if","locations":[{"start":{"line":1159,"column":4},"end":{"line":1159,"column":4}},{"start":{"line":1159,"column":4},"end":{"line":1159,"column":4}}]},"96":{"line":1159,"type":"binary-expr","locations":[{"start":{"line":1159,"column":8},"end":{"line":1159,"column":16}},{"start":{"line":1159,"column":20},"end":{"line":1159,"column":48}},{"start":{"line":1159,"column":52},"end":{"line":1159,"column":90}}]},"97":{"line":1162,"type":"if","locations":[{"start":{"line":1162,"column":4},"end":{"line":1162,"column":4}},{"start":{"line":1162,"column":4},"end":{"line":1162,"column":4}}]},"98":{"line":1163,"type":"if","locations":[{"start":{"line":1163,"column":6},"end":{"line":1163,"column":6}},{"start":{"line":1163,"column":6},"end":{"line":1163,"column":6}}]},"99":{"line":1167,"type":"if","locations":[{"start":{"line":1167,"column":11},"end":{"line":1167,"column":11}},{"start":{"line":1167,"column":11},"end":{"line":1167,"column":11}}]},"100":{"line":1172,"type":"if","locations":[{"start":{"line":1172,"column":4},"end":{"line":1172,"column":4}},{"start":{"line":1172,"column":4},"end":{"line":1172,"column":4}}]},"101":{"line":1172,"type":"binary-expr","locations":[{"start":{"line":1172,"column":8},"end":{"line":1172,"column":27}},{"start":{"line":1172,"column":31},"end":{"line":1172,"column":50}}]},"102":{"line":1177,"type":"binary-expr","locations":[{"start":{"line":1177,"column":14},"end":{"line":1177,"column":29}},{"start":{"line":1177,"column":33},"end":{"line":1177,"column":34}}]},"103":{"line":1178,"type":"if","locations":[{"start":{"line":1178,"column":6},"end":{"line":1178,"column":6}},{"start":{"line":1178,"column":6},"end":{"line":1178,"column":6}}]},"104":{"line":1182,"type":"binary-expr","locations":[{"start":{"line":1182,"column":16},"end":{"line":1182,"column":31}},{"start":{"line":1182,"column":35},"end":{"line":1182,"column":36}}]},"105":{"line":1185,"type":"if","locations":[{"start":{"line":1185,"column":4},"end":{"line":1185,"column":4}},{"start":{"line":1185,"column":4},"end":{"line":1185,"column":4}}]},"106":{"line":1190,"type":"if","locations":[{"start":{"line":1190,"column":4},"end":{"line":1190,"column":4}},{"start":{"line":1190,"column":4},"end":{"line":1190,"column":4}}]},"107":{"line":1190,"type":"binary-expr","locations":[{"start":{"line":1190,"column":8},"end":{"line":1190,"column":16}},{"start":{"line":1190,"column":20},"end":{"line":1190,"column":29}},{"start":{"line":1190,"column":33},"end":{"line":1190,"column":42}}]},"108":{"line":1243,"type":"binary-expr","locations":[{"start":{"line":1243,"column":3},"end":{"line":1243,"column":13}},{"start":{"line":1243,"column":17},"end":{"line":1243,"column":25}},{"start":{"line":1243,"column":29},"end":{"line":1243,"column":31}}]},"109":{"line":1246,"type":"if","locations":[{"start":{"line":1246,"column":2},"end":{"line":1246,"column":2}},{"start":{"line":1246,"column":2},"end":{"line":1246,"column":2}}]},"110":{"line":1246,"type":"binary-expr","locations":[{"start":{"line":1246,"column":6},"end":{"line":1246,"column":33}},{"start":{"line":1246,"column":37},"end":{"line":1246,"column":66}},{"start":{"line":1246,"column":70},"end":{"line":1246,"column":80}}]},"111":{"line":1254,"type":"if","locations":[{"start":{"line":1254,"column":7},"end":{"line":1254,"column":7}},{"start":{"line":1254,"column":7},"end":{"line":1254,"column":7}}]},"112":{"line":1254,"type":"binary-expr","locations":[{"start":{"line":1254,"column":11},"end":{"line":1254,"column":22}},{"start":{"line":1254,"column":26},"end":{"line":1254,"column":36}}]},"113":{"line":1256,"type":"if","locations":[{"start":{"line":1256,"column":4},"end":{"line":1256,"column":4}},{"start":{"line":1256,"column":4},"end":{"line":1256,"column":4}}]},"114":{"line":1300,"type":"if","locations":[{"start":{"line":1300,"column":4},"end":{"line":1300,"column":4}},{"start":{"line":1300,"column":4},"end":{"line":1300,"column":4}}]},"115":{"line":1301,"type":"switch","locations":[{"start":{"line":1302,"column":8},"end":{"line":1308,"column":16}},{"start":{"line":1309,"column":8},"end":{"line":1311,"column":16}},{"start":{"line":1312,"column":8},"end":{"line":1314,"column":16}},{"start":{"line":1315,"column":8},"end":{"line":1316,"column":47}}]},"116":{"line":1328,"type":"if","locations":[{"start":{"line":1328,"column":4},"end":{"line":1328,"column":4}},{"start":{"line":1328,"column":4},"end":{"line":1328,"column":4}}]},"117":{"line":1328,"type":"binary-expr","locations":[{"start":{"line":1328,"column":8},"end":{"line":1328,"column":25}},{"start":{"line":1328,"column":30},"end":{"line":1328,"column":45}},{"start":{"line":1328,"column":51},"end":{"line":1328,"column":66}},{"start":{"line":1328,"column":72},"end":{"line":1328,"column":87}}]},"118":{"line":1335,"type":"if","locations":[{"start":{"line":1335,"column":4},"end":{"line":1335,"column":4}},{"start":{"line":1335,"column":4},"end":{"line":1335,"column":4}}]},"119":{"line":1335,"type":"binary-expr","locations":[{"start":{"line":1335,"column":8},"end":{"line":1335,"column":25}},{"start":{"line":1335,"column":30},"end":{"line":1335,"column":45}},{"start":{"line":1335,"column":51},"end":{"line":1335,"column":66}},{"start":{"line":1335,"column":72},"end":{"line":1335,"column":87}}]},"120":{"line":1344,"type":"if","locations":[{"start":{"line":1344,"column":4},"end":{"line":1344,"column":4}},{"start":{"line":1344,"column":4},"end":{"line":1344,"column":4}}]},"121":{"line":1344,"type":"binary-expr","locations":[{"start":{"line":1344,"column":8},"end":{"line":1344,"column":25}},{"start":{"line":1344,"column":29},"end":{"line":1344,"column":48}}]},"122":{"line":1351,"type":"if","locations":[{"start":{"line":1351,"column":4},"end":{"line":1351,"column":4}},{"start":{"line":1351,"column":4},"end":{"line":1351,"column":4}}]},"123":{"line":1351,"type":"binary-expr","locations":[{"start":{"line":1351,"column":8},"end":{"line":1351,"column":25}},{"start":{"line":1351,"column":30},"end":{"line":1351,"column":45}},{"start":{"line":1351,"column":51},"end":{"line":1351,"column":66}},{"start":{"line":1351,"column":72},"end":{"line":1351,"column":87}}]},"124":{"line":1360,"type":"if","locations":[{"start":{"line":1360,"column":4},"end":{"line":1360,"column":4}},{"start":{"line":1360,"column":4},"end":{"line":1360,"column":4}}]},"125":{"line":1360,"type":"binary-expr","locations":[{"start":{"line":1360,"column":8},"end":{"line":1360,"column":25}},{"start":{"line":1360,"column":29},"end":{"line":1360,"column":48}}]},"126":{"line":1369,"type":"if","locations":[{"start":{"line":1369,"column":4},"end":{"line":1369,"column":4}},{"start":{"line":1369,"column":4},"end":{"line":1369,"column":4}}]},"127":{"line":1369,"type":"binary-expr","locations":[{"start":{"line":1369,"column":8},"end":{"line":1369,"column":25}},{"start":{"line":1369,"column":29},"end":{"line":1369,"column":48}}]},"128":{"line":1376,"type":"if","locations":[{"start":{"line":1376,"column":4},"end":{"line":1376,"column":4}},{"start":{"line":1376,"column":4},"end":{"line":1376,"column":4}}]},"129":{"line":1376,"type":"binary-expr","locations":[{"start":{"line":1376,"column":9},"end":{"line":1376,"column":22}},{"start":{"line":1376,"column":27},"end":{"line":1376,"column":44}}]},"130":{"line":1384,"type":"if","locations":[{"start":{"line":1384,"column":4},"end":{"line":1384,"column":4}},{"start":{"line":1384,"column":4},"end":{"line":1384,"column":4}}]},"131":{"line":1384,"type":"binary-expr","locations":[{"start":{"line":1384,"column":9},"end":{"line":1384,"column":22}},{"start":{"line":1384,"column":27},"end":{"line":1384,"column":44}}]},"132":{"line":1394,"type":"if","locations":[{"start":{"line":1394,"column":4},"end":{"line":1394,"column":4}},{"start":{"line":1394,"column":4},"end":{"line":1394,"column":4}}]},"133":{"line":1394,"type":"binary-expr","locations":[{"start":{"line":1394,"column":9},"end":{"line":1394,"column":22}},{"start":{"line":1394,"column":27},"end":{"line":1394,"column":44}}]},"134":{"line":1406,"type":"if","locations":[{"start":{"line":1406,"column":4},"end":{"line":1406,"column":4}},{"start":{"line":1406,"column":4},"end":{"line":1406,"column":4}}]},"135":{"line":1406,"type":"binary-expr","locations":[{"start":{"line":1406,"column":9},"end":{"line":1406,"column":22}},{"start":{"line":1406,"column":27},"end":{"line":1406,"column":44}}]},"136":{"line":1417,"type":"if","locations":[{"start":{"line":1417,"column":4},"end":{"line":1417,"column":4}},{"start":{"line":1417,"column":4},"end":{"line":1417,"column":4}}]},"137":{"line":1417,"type":"binary-expr","locations":[{"start":{"line":1417,"column":9},"end":{"line":1417,"column":22}},{"start":{"line":1417,"column":27},"end":{"line":1417,"column":44}}]},"138":{"line":1428,"type":"if","locations":[{"start":{"line":1428,"column":4},"end":{"line":1428,"column":4}},{"start":{"line":1428,"column":4},"end":{"line":1428,"column":4}}]},"139":{"line":1428,"type":"binary-expr","locations":[{"start":{"line":1428,"column":9},"end":{"line":1428,"column":22}},{"start":{"line":1428,"column":27},"end":{"line":1428,"column":44}}]},"140":{"line":1439,"type":"if","locations":[{"start":{"line":1439,"column":4},"end":{"line":1439,"column":4}},{"start":{"line":1439,"column":4},"end":{"line":1439,"column":4}}]},"141":{"line":1439,"type":"binary-expr","locations":[{"start":{"line":1439,"column":9},"end":{"line":1439,"column":22}},{"start":{"line":1439,"column":27},"end":{"line":1439,"column":44}}]},"142":{"line":1449,"type":"if","locations":[{"start":{"line":1449,"column":4},"end":{"line":1449,"column":4}},{"start":{"line":1449,"column":4},"end":{"line":1449,"column":4}}]},"143":{"line":1459,"type":"if","locations":[{"start":{"line":1459,"column":4},"end":{"line":1459,"column":4}},{"start":{"line":1459,"column":4},"end":{"line":1459,"column":4}}]},"144":{"line":1466,"type":"if","locations":[{"start":{"line":1466,"column":4},"end":{"line":1466,"column":4}},{"start":{"line":1466,"column":4},"end":{"line":1466,"column":4}}]},"145":{"line":1476,"type":"if","locations":[{"start":{"line":1476,"column":4},"end":{"line":1476,"column":4}},{"start":{"line":1476,"column":4},"end":{"line":1476,"column":4}}]},"146":{"line":1483,"type":"if","locations":[{"start":{"line":1483,"column":4},"end":{"line":1483,"column":4}},{"start":{"line":1483,"column":4},"end":{"line":1483,"column":4}}]},"147":{"line":1483,"type":"binary-expr","locations":[{"start":{"line":1483,"column":9},"end":{"line":1483,"column":22}},{"start":{"line":1483,"column":27},"end":{"line":1483,"column":45}}]},"148":{"line":1491,"type":"if","locations":[{"start":{"line":1491,"column":4},"end":{"line":1491,"column":4}},{"start":{"line":1491,"column":4},"end":{"line":1491,"column":4}}]},"149":{"line":1491,"type":"binary-expr","locations":[{"start":{"line":1491,"column":9},"end":{"line":1491,"column":22}},{"start":{"line":1491,"column":27},"end":{"line":1491,"column":45}}]},"150":{"line":1505,"type":"if","locations":[{"start":{"line":1505,"column":4},"end":{"line":1505,"column":4}},{"start":{"line":1505,"column":4},"end":{"line":1505,"column":4}}]},"151":{"line":1507,"type":"if","locations":[{"start":{"line":1507,"column":6},"end":{"line":1507,"column":6}},{"start":{"line":1507,"column":6},"end":{"line":1507,"column":6}}]},"152":{"line":1525,"type":"if","locations":[{"start":{"line":1525,"column":4},"end":{"line":1525,"column":4}},{"start":{"line":1525,"column":4},"end":{"line":1525,"column":4}}]},"153":{"line":1534,"type":"if","locations":[{"start":{"line":1534,"column":4},"end":{"line":1534,"column":4}},{"start":{"line":1534,"column":4},"end":{"line":1534,"column":4}}]},"154":{"line":1546,"type":"if","locations":[{"start":{"line":1546,"column":4},"end":{"line":1546,"column":4}},{"start":{"line":1546,"column":4},"end":{"line":1546,"column":4}}]},"155":{"line":1549,"type":"if","locations":[{"start":{"line":1549,"column":4},"end":{"line":1549,"column":4}},{"start":{"line":1549,"column":4},"end":{"line":1549,"column":4}}]},"156":{"line":1552,"type":"if","locations":[{"start":{"line":1552,"column":4},"end":{"line":1552,"column":4}},{"start":{"line":1552,"column":4},"end":{"line":1552,"column":4}}]},"157":{"line":1555,"type":"if","locations":[{"start":{"line":1555,"column":4},"end":{"line":1555,"column":4}},{"start":{"line":1555,"column":4},"end":{"line":1555,"column":4}}]},"158":{"line":1558,"type":"if","locations":[{"start":{"line":1558,"column":4},"end":{"line":1558,"column":4}},{"start":{"line":1558,"column":4},"end":{"line":1558,"column":4}}]},"159":{"line":1566,"type":"if","locations":[{"start":{"line":1566,"column":4},"end":{"line":1566,"column":4}},{"start":{"line":1566,"column":4},"end":{"line":1566,"column":4}}]},"160":{"line":1574,"type":"if","locations":[{"start":{"line":1574,"column":4},"end":{"line":1574,"column":4}},{"start":{"line":1574,"column":4},"end":{"line":1574,"column":4}}]},"161":{"line":1582,"type":"cond-expr","locations":[{"start":{"line":1582,"column":23},"end":{"line":1582,"column":28}},{"start":{"line":1582,"column":31},"end":{"line":1582,"column":59}}]},"162":{"line":1582,"type":"cond-expr","locations":[{"start":{"line":1582,"column":46},"end":{"line":1582,"column":51}},{"start":{"line":1582,"column":54},"end":{"line":1582,"column":59}}]},"163":{"line":1583,"type":"cond-expr","locations":[{"start":{"line":1583,"column":23},"end":{"line":1583,"column":24}},{"start":{"line":1583,"column":27},"end":{"line":1583,"column":47}}]},"164":{"line":1583,"type":"cond-expr","locations":[{"start":{"line":1583,"column":42},"end":{"line":1583,"column":43}},{"start":{"line":1583,"column":46},"end":{"line":1583,"column":47}}]},"165":{"line":1594,"type":"if","locations":[{"start":{"line":1594,"column":4},"end":{"line":1594,"column":4}},{"start":{"line":1594,"column":4},"end":{"line":1594,"column":4}}]},"166":{"line":1600,"type":"if","locations":[{"start":{"line":1600,"column":4},"end":{"line":1600,"column":4}},{"start":{"line":1600,"column":4},"end":{"line":1600,"column":4}}]},"167":{"line":1615,"type":"switch","locations":[{"start":{"line":1616,"column":6},"end":{"line":1620,"column":14}},{"start":{"line":1621,"column":6},"end":{"line":1625,"column":14}},{"start":{"line":1626,"column":6},"end":{"line":1630,"column":14}},{"start":{"line":1631,"column":6},"end":{"line":1635,"column":14}},{"start":{"line":1636,"column":6},"end":{"line":1640,"column":14}},{"start":{"line":1641,"column":6},"end":{"line":1644,"column":14}}]},"168":{"line":1656,"type":"if","locations":[{"start":{"line":1656,"column":4},"end":{"line":1656,"column":4}},{"start":{"line":1656,"column":4},"end":{"line":1656,"column":4}}]},"169":{"line":1678,"type":"if","locations":[{"start":{"line":1678,"column":4},"end":{"line":1678,"column":4}},{"start":{"line":1678,"column":4},"end":{"line":1678,"column":4}}]},"170":{"line":1691,"type":"if","locations":[{"start":{"line":1691,"column":4},"end":{"line":1691,"column":4}},{"start":{"line":1691,"column":4},"end":{"line":1691,"column":4}}]},"171":{"line":1696,"type":"if","locations":[{"start":{"line":1696,"column":4},"end":{"line":1696,"column":4}},{"start":{"line":1696,"column":4},"end":{"line":1696,"column":4}}]},"172":{"line":1712,"type":"if","locations":[{"start":{"line":1712,"column":4},"end":{"line":1712,"column":4}},{"start":{"line":1712,"column":4},"end":{"line":1712,"column":4}}]},"173":{"line":1716,"type":"if","locations":[{"start":{"line":1716,"column":4},"end":{"line":1716,"column":4}},{"start":{"line":1716,"column":4},"end":{"line":1716,"column":4}}]},"174":{"line":1917,"type":"if","locations":[{"start":{"line":1917,"column":2},"end":{"line":1917,"column":2}},{"start":{"line":1917,"column":2},"end":{"line":1917,"column":2}}]},"175":{"line":1946,"type":"if","locations":[{"start":{"line":1946,"column":2},"end":{"line":1946,"column":2}},{"start":{"line":1946,"column":2},"end":{"line":1946,"column":2}}]},"176":{"line":1950,"type":"if","locations":[{"start":{"line":1950,"column":2},"end":{"line":1950,"column":2}},{"start":{"line":1950,"column":2},"end":{"line":1950,"column":2}}]},"177":{"line":1954,"type":"if","locations":[{"start":{"line":1954,"column":2},"end":{"line":1954,"column":2}},{"start":{"line":1954,"column":2},"end":{"line":1954,"column":2}}]},"178":{"line":1962,"type":"if","locations":[{"start":{"line":1962,"column":2},"end":{"line":1962,"column":2}},{"start":{"line":1962,"column":2},"end":{"line":1962,"column":2}}]},"179":{"line":1971,"type":"if","locations":[{"start":{"line":1971,"column":2},"end":{"line":1971,"column":2}},{"start":{"line":1971,"column":2},"end":{"line":1971,"column":2}}]},"180":{"line":1981,"type":"if","locations":[{"start":{"line":1981,"column":0},"end":{"line":1981,"column":0}},{"start":{"line":1981,"column":0},"end":{"line":1981,"column":0}}]},"181":{"line":1981,"type":"binary-expr","locations":[{"start":{"line":1981,"column":5},"end":{"line":1981,"column":33}},{"start":{"line":1981,"column":37},"end":{"line":1981,"column":47}}]},"182":{"line":1984,"type":"if","locations":[{"start":{"line":1984,"column":6},"end":{"line":1984,"column":6}},{"start":{"line":1984,"column":6},"end":{"line":1984,"column":6}}]},"183":{"line":1984,"type":"binary-expr","locations":[{"start":{"line":1984,"column":11},"end":{"line":1984,"column":37}},{"start":{"line":1984,"column":41},"end":{"line":1984,"column":55}}]}}}}