TN:
SF:/Users/jordancheckman/SourceCodeWithJakeGyllenhaal/please/dist/please.js
FN:1,(anonymous_1)
FN:13,(anonymous_2)
FN:112,apply
FN:132,baseTimes
FN:149,checkGlobal
FN:161,isIndex
FN:174,iteratorToArray
FN:327,lodash
FN:343,assignInDefaults
FN:361,assignValue
FN:378,baseClamp
FN:398,baseKeysIn
FN:410,(anonymous_13)
FN:422,baseProperty
FN:423,(anonymous_15)
FN:437,baseRandom
FN:452,copyObjectWith
FN:477,createAssigner
FN:478,(anonymous_19)
FN:523,indexKeys
FN:541,isIterateeCall
FN:561,isPrototype
FN:592,rest
FN:597,(anonymous_24)
FN:653,eq
FN:673,isArguments
FN:728,isArrayLike
FN:756,isArrayLikeObject
FN:776,isFunction
FN:808,isLength
FN:836,isObject
FN:864,isObjectLike
FN:893,isNumber
FN:914,isString
FN:943,toInteger
FN:978,toNumber
FN:1022,(anonymous_37)
FN:1045,(anonymous_38)
FN:1072,keysIn
FN:1112,clamp
FN:1158,random
FN:1249,(anonymous_42)
FN:1269,(anonymous_43)
FN:1269,(anonymous_44)
FN:1271,(anonymous_45)
FN:1272,Color
FN:1327,(anonymous_47)
FN:1334,(anonymous_48)
FN:1341,(anonymous_49)
FN:1350,(anonymous_50)
FN:1357,(anonymous_51)
FN:1366,(anonymous_52)
FN:1375,(anonymous_53)
FN:1383,(anonymous_54)
FN:1393,(anonymous_55)
FN:1405,(anonymous_56)
FN:1415,(anonymous_57)
FN:1426,(anonymous_58)
FN:1437,(anonymous_59)
FN:1448,(anonymous_60)
FN:1456,(anonymous_61)
FN:1465,(anonymous_62)
FN:1473,(anonymous_63)
FN:1482,(anonymous_64)
FN:1490,(anonymous_65)
FN:1498,(anonymous_66)
FN:1503,(anonymous_67)
FN:1514,(anonymous_68)
FN:1518,(anonymous_69)
FN:1532,(anonymous_70)
FN:1545,(anonymous_71)
FN:1564,(anonymous_72)
FN:1592,(anonymous_73)
FN:1654,(anonymous_74)
FN:1659,(anonymous_75)
FN:1672,(anonymous_76)
FN:1676,(anonymous_77)
FN:1685,(anonymous_78)
FN:1689,(anonymous_79)
FN:1710,(anonymous_80)
FN:1890,(anonymous_81)
FN:1912,(anonymous_82)
FN:1926,(anonymous_83)
FN:1936,(anonymous_84)
FN:1945,(anonymous_85)
FN:1961,(anonymous_86)
FN:1969,(anonymous_87)
FNF:87
FNH:7
FNDA:1,(anonymous_1)
FNDA:1,(anonymous_2)
FNDA:0,apply
FNDA:0,baseTimes
FNDA:4,checkGlobal
FNDA:0,isIndex
FNDA:0,iteratorToArray
FNDA:0,lodash
FNDA:0,assignInDefaults
FNDA:0,assignValue
FNDA:0,baseClamp
FNDA:0,baseKeysIn
FNDA:0,(anonymous_13)
FNDA:1,baseProperty
FNDA:0,(anonymous_15)
FNDA:0,baseRandom
FNDA:0,copyObjectWith
FNDA:1,createAssigner
FNDA:0,(anonymous_19)
FNDA:0,indexKeys
FNDA:0,isIterateeCall
FNDA:0,isPrototype
FNDA:2,rest
FNDA:0,(anonymous_24)
FNDA:0,eq
FNDA:0,isArguments
FNDA:0,isArrayLike
FNDA:0,isArrayLikeObject
FNDA:0,isFunction
FNDA:0,isLength
FNDA:0,isObject
FNDA:0,isObjectLike
FNDA:0,isNumber
FNDA:0,isString
FNDA:0,toInteger
FNDA:0,toNumber
FNDA:0,(anonymous_37)
FNDA:0,(anonymous_38)
FNDA:0,keysIn
FNDA:0,clamp
FNDA:0,random
FNDA:0,(anonymous_42)
FNDA:0,(anonymous_43)
FNDA:0,(anonymous_44)
FNDA:1,(anonymous_45)
FNDA:0,Color
FNDA:0,(anonymous_47)
FNDA:0,(anonymous_48)
FNDA:0,(anonymous_49)
FNDA:0,(anonymous_50)
FNDA:0,(anonymous_51)
FNDA:0,(anonymous_52)
FNDA:0,(anonymous_53)
FNDA:0,(anonymous_54)
FNDA:0,(anonymous_55)
FNDA:0,(anonymous_56)
FNDA:0,(anonymous_57)
FNDA:0,(anonymous_58)
FNDA:0,(anonymous_59)
FNDA:0,(anonymous_60)
FNDA:0,(anonymous_61)
FNDA:0,(anonymous_62)
FNDA:0,(anonymous_63)
FNDA:0,(anonymous_64)
FNDA:0,(anonymous_65)
FNDA:0,(anonymous_66)
FNDA:0,(anonymous_67)
FNDA:0,(anonymous_68)
FNDA:0,(anonymous_69)
FNDA:0,(anonymous_70)
FNDA:0,(anonymous_71)
FNDA:0,(anonymous_72)
FNDA:0,(anonymous_73)
FNDA:0,(anonymous_74)
FNDA:0,(anonymous_75)
FNDA:0,(anonymous_76)
FNDA:0,(anonymous_77)
FNDA:0,(anonymous_78)
FNDA:0,(anonymous_79)
FNDA:0,(anonymous_80)
FNDA:0,(anonymous_81)
FNDA:0,(anonymous_82)
FNDA:0,(anonymous_83)
FNDA:0,(anonymous_84)
FNDA:0,(anonymous_85)
FNDA:0,(anonymous_86)
FNDA:0,(anonymous_87)
DA:1,1
DA:2,1
DA:13,1
DA:17,1
DA:20,1
DA:23,1
DA:26,1
DA:32,1
DA:39,1
DA:42,1
DA:45,1
DA:48,1
DA:51,1
DA:54,1
DA:60,1
DA:64,1
DA:69,1
DA:74,1
DA:79,1
DA:82,1
DA:85,1
DA:88,1
DA:96,1
DA:112,1
DA:113,0
DA:114,0
DA:115,0
DA:116,0
DA:117,0
DA:118,0
DA:120,0
DA:132,1
DA:133,0
DA:136,0
DA:137,0
DA:139,0
DA:149,1
DA:150,4
DA:161,1
DA:162,0
DA:163,0
DA:164,0
DA:174,1
DA:175,0
DA:178,0
DA:179,0
DA:181,0
DA:187,1
DA:190,1
DA:196,1
DA:199,1
DA:205,1
DA:211,1
DA:327,1
DA:343,1
DA:344,0
DA:346,0
DA:348,0
DA:361,1
DA:362,0
DA:363,0
DA:365,0
DA:378,1
DA:379,0
DA:380,0
DA:381,0
DA:383,0
DA:384,0
DA:387,0
DA:398,1
DA:399,0
DA:401,0
DA:402,0
DA:403,0
DA:405,0
DA:409,1
DA:410,0
DA:411,0
DA:422,1
DA:423,1
DA:424,0
DA:437,1
DA:438,0
DA:452,1
DA:453,0
DA:455,0
DA:458,0
DA:459,0
DA:461,0
DA:465,0
DA:467,0
DA:477,1
DA:478,1
DA:479,0
DA:484,0
DA:488,0
DA:489,0
DA:490,0
DA:492,0
DA:493,0
DA:494,0
DA:495,0
DA:496,0
DA:499,0
DA:513,1
DA:523,1
DA:524,0
DA:525,0
DA:527,0
DA:529,0
DA:541,1
DA:542,0
DA:543,0
DA:545,0
DA:546,0
DA:549,0
DA:551,0
DA:561,1
DA:562,0
DA:565,0
DA:592,1
DA:593,2
DA:594,0
DA:596,2
DA:597,2
DA:598,0
DA:603,0
DA:604,0
DA:606,0
DA:607,0
DA:608,0
DA:609,0
DA:611,0
DA:612,0
DA:613,0
DA:614,0
DA:616,0
DA:617,0
DA:653,1
DA:654,0
DA:673,1
DA:675,0
DA:702,1
DA:728,1
DA:729,0
DA:756,1
DA:757,0
DA:776,1
DA:780,0
DA:781,0
DA:808,1
DA:809,0
DA:836,1
DA:837,0
DA:838,0
DA:864,1
DA:865,0
DA:893,1
DA:894,0
DA:914,1
DA:915,0
DA:943,1
DA:944,0
DA:945,0
DA:947,0
DA:948,0
DA:949,0
DA:950,0
DA:952,0
DA:953,0
DA:978,1
DA:979,0
DA:980,0
DA:981,0
DA:983,0
DA:984,0
DA:986,0
DA:987,0
DA:988,0
DA:1022,1
DA:1023,0
DA:1045,1
DA:1046,0
DA:1047,0
DA:1072,1
DA:1073,0
DA:1082,0
DA:1083,0
DA:1084,0
DA:1086,0
DA:1089,0
DA:1112,1
DA:1113,0
DA:1114,0
DA:1115,0
DA:1117,0
DA:1118,0
DA:1119,0
DA:1121,0
DA:1122,0
DA:1123,0
DA:1125,0
DA:1158,1
DA:1159,0
DA:1160,0
DA:1162,0
DA:1163,0
DA:1164,0
DA:1165,0
DA:1167,0
DA:1168,0
DA:1169,0
DA:1172,0
DA:1173,0
DA:1174,0
DA:1177,0
DA:1178,0
DA:1179,0
DA:1180,0
DA:1182,0
DA:1185,0
DA:1186,0
DA:1187,0
DA:1188,0
DA:1190,0
DA:1191,0
DA:1192,0
DA:1194,0
DA:1200,1
DA:1201,1
DA:1202,1
DA:1203,1
DA:1206,1
DA:1211,1
DA:1212,1
DA:1213,1
DA:1214,1
DA:1215,1
DA:1216,1
DA:1217,1
DA:1218,1
DA:1219,1
DA:1220,1
DA:1221,1
DA:1222,1
DA:1223,1
DA:1224,1
DA:1225,1
DA:1236,1
DA:1243,1
DA:1246,1
DA:1249,0
DA:1250,0
DA:1254,1
DA:1256,1
DA:1257,1
DA:1260,1
DA:1264,0
DA:1268,1
DA:1269,0
DA:1271,1
DA:1272,1
DA:1273,0
DA:1274,0
DA:1275,0
DA:1276,0
DA:1277,0
DA:1278,0
DA:1279,0
DA:1280,0
DA:1281,0
DA:1282,0
DA:1283,0
DA:1284,0
DA:1285,0
DA:1286,0
DA:1287,0
DA:1288,0
DA:1289,0
DA:1290,0
DA:1291,0
DA:1292,0
DA:1293,0
DA:1294,0
DA:1295,0
DA:1296,0
DA:1297,0
DA:1298,0
DA:1299,0
DA:1300,0
DA:1301,0
DA:1303,0
DA:1308,0
DA:1310,0
DA:1311,0
DA:1313,0
DA:1314,0
DA:1316,0
DA:1319,0
DA:1327,1
DA:1328,0
DA:1329,0
DA:1331,0
DA:1334,1
DA:1335,0
DA:1336,0
DA:1338,0
DA:1341,1
DA:1342,0
DA:1343,0
DA:1344,0
DA:1345,0
DA:1347,0
DA:1350,1
DA:1351,0
DA:1352,0
DA:1354,0
DA:1357,1
DA:1358,0
DA:1359,0
DA:1360,0
DA:1361,0
DA:1363,0
DA:1366,1
DA:1367,0
DA:1368,0
DA:1369,0
DA:1370,0
DA:1372,0
DA:1375,1
DA:1376,0
DA:1377,0
DA:1378,0
DA:1380,0
DA:1383,1
DA:1384,0
DA:1385,0
DA:1386,0
DA:1388,0
DA:1391,1
DA:1393,1
DA:1394,0
DA:1395,0
DA:1396,0
DA:1398,0
DA:1401,1
DA:1403,1
DA:1405,1
DA:1406,0
DA:1407,0
DA:1408,0
DA:1410,0
DA:1413,1
DA:1415,1
DA:1416,0
DA:1417,0
DA:1418,0
DA:1419,0
DA:1420,0
DA:1421,0
DA:1423,0
DA:1426,1
DA:1427,0
DA:1428,0
DA:1429,0
DA:1430,0
DA:1431,0
DA:1432,0
DA:1434,0
DA:1437,1
DA:1438,0
DA:1439,0
DA:1440,0
DA:1441,0
DA:1442,0
DA:1443,0
DA:1445,0
DA:1448,1
DA:1449,0
DA:1450,0
DA:1451,0
DA:1453,0
DA:1456,1
DA:1457,0
DA:1458,0
DA:1459,0
DA:1460,0
DA:1462,0
DA:1465,1
DA:1466,0
DA:1467,0
DA:1468,0
DA:1470,0
DA:1473,1
DA:1474,0
DA:1475,0
DA:1476,0
DA:1477,0
DA:1479,0
DA:1482,1
DA:1483,0
DA:1484,0
DA:1485,0
DA:1487,0
DA:1490,1
DA:1491,0
DA:1492,0
DA:1493,0
DA:1495,0
DA:1498,1
DA:1499,0
DA:1500,0
DA:1503,1
DA:1504,0
DA:1505,0
DA:1506,0
DA:1507,0
DA:1508,0
DA:1511,0
DA:1514,1
DA:1515,0
DA:1518,1
DA:1519,0
DA:1520,0
DA:1521,0
DA:1522,0
DA:1523,0
DA:1524,0
DA:1525,0
DA:1526,0
DA:1528,0
DA:1532,1
DA:1533,0
DA:1534,0
DA:1535,0
DA:1537,0
DA:1538,0
DA:1539,0
DA:1540,0
DA:1541,0
DA:1542,0
DA:1545,1
DA:1546,0
DA:1547,0
DA:1549,0
DA:1550,0
DA:1552,0
DA:1553,0
DA:1555,0
DA:1556,0
DA:1558,0
DA:1559,0
DA:1561,0
DA:1564,1
DA:1565,0
DA:1566,0
DA:1567,0
DA:1569,0
DA:1570,0
DA:1571,0
DA:1572,0
DA:1573,0
DA:1574,0
DA:1575,0
DA:1580,0
DA:1582,0
DA:1583,0
DA:1584,0
DA:1589,0
DA:1592,1
DA:1593,0
DA:1594,0
DA:1595,0
DA:1597,0
DA:1598,0
DA:1599,0
DA:1600,0
DA:1601,0
DA:1602,0
DA:1607,0
DA:1609,0
DA:1610,0
DA:1611,0
DA:1612,0
DA:1613,0
DA:1614,0
DA:1615,0
DA:1617,0
DA:1618,0
DA:1619,0
DA:1620,0
DA:1622,0
DA:1623,0
DA:1624,0
DA:1625,0
DA:1627,0
DA:1628,0
DA:1629,0
DA:1630,0
DA:1632,0
DA:1633,0
DA:1634,0
DA:1635,0
DA:1637,0
DA:1638,0
DA:1639,0
DA:1640,0
DA:1642,0
DA:1643,0
DA:1644,0
DA:1646,0
DA:1651,0
DA:1654,1
DA:1655,0
DA:1656,0
DA:1657,0
DA:1659,0
DA:1660,0
DA:1662,0
DA:1663,0
DA:1664,0
DA:1669,0
DA:1672,1
DA:1673,0
DA:1676,1
DA:1677,0
DA:1678,0
DA:1679,0
DA:1681,0
DA:1682,0
DA:1685,1
DA:1686,0
DA:1689,1
DA:1690,0
DA:1691,0
DA:1692,0
DA:1694,0
DA:1695,0
DA:1696,0
DA:1697,0
DA:1699,0
DA:1701,0
DA:1702,0
DA:1707,0
DA:1710,1
DA:1711,0
DA:1712,0
DA:1713,0
DA:1715,0
DA:1716,0
DA:1717,0
DA:1719,0
DA:1721,0
DA:1722,0
DA:1723,0
DA:1728,0
DA:1731,1
DA:1882,1
DA:1888,1
DA:1890,1
DA:1891,0
DA:1894,1
DA:1896,1
DA:1912,1
DA:1913,0
DA:1914,0
DA:1915,0
DA:1916,0
DA:1917,0
DA:1918,0
DA:1920,0
DA:1922,0
DA:1923,0
DA:1926,1
DA:1927,0
DA:1928,0
DA:1929,0
DA:1930,0
DA:1931,0
DA:1932,0
DA:1933,0
DA:1936,1
DA:1937,0
DA:1938,0
DA:1939,0
DA:1940,0
DA:1941,0
DA:1942,0
DA:1945,1
DA:1946,0
DA:1947,0
DA:1948,0
DA:1950,0
DA:1951,0
DA:1952,0
DA:1954,0
DA:1955,0
DA:1956,0
DA:1958,0
DA:1961,1
DA:1962,0
DA:1963,0
DA:1965,0
DA:1966,0
DA:1969,1
DA:1970,0
DA:1971,0
DA:1972,0
DA:1974,0
DA:1975,0
DA:1976,0
DA:1977,0
DA:1979,0
DA:1981,1
DA:1982,0
DA:1984,1
DA:1985,1
DA:1987,1
LF:618
LH:156
BRDA:64,1,0,1
BRDA:64,1,1,0
BRDA:64,2,0,1
BRDA:64,2,1,1
BRDA:64,2,2,1
BRDA:69,3,0,1
BRDA:69,3,1,0
BRDA:69,4,0,1
BRDA:69,4,1,1
BRDA:69,4,2,1
BRDA:74,5,0,1
BRDA:74,5,1,0
BRDA:74,6,0,1
BRDA:74,6,1,1
BRDA:79,7,0,1
BRDA:79,7,1,1
BRDA:79,7,2,1
BRDA:79,7,3,1
BRDA:82,8,0,1
BRDA:82,8,1,0
BRDA:85,9,0,1
BRDA:85,9,1,0
BRDA:88,10,0,1
BRDA:88,10,1,1
BRDA:96,11,0,1
BRDA:96,11,1,0
BRDA:96,11,2,0
BRDA:96,11,3,0
BRDA:96,11,4,0
BRDA:96,11,5,0
BRDA:97,12,0,0
BRDA:97,12,1,0
BRDA:114,13,0,0
BRDA:114,13,1,0
BRDA:114,13,2,0
BRDA:114,13,3,0
BRDA:150,14,0,2
BRDA:150,14,1,2
BRDA:150,15,0,4
BRDA:150,15,1,2
BRDA:162,16,0,0
BRDA:162,16,1,0
BRDA:162,17,0,0
BRDA:162,17,1,0
BRDA:163,18,0,0
BRDA:163,18,1,0
BRDA:164,19,0,0
BRDA:164,19,1,0
BRDA:164,19,2,0
BRDA:201,20,0,0
BRDA:201,20,1,1
BRDA:344,21,0,0
BRDA:344,21,1,0
BRDA:344,22,0,0
BRDA:344,22,1,0
BRDA:344,22,2,0
BRDA:363,23,0,0
BRDA:363,23,1,0
BRDA:363,24,0,0
BRDA:363,24,1,0
BRDA:363,24,2,0
BRDA:363,25,0,0
BRDA:363,25,1,0
BRDA:379,26,0,0
BRDA:379,26,1,0
BRDA:380,27,0,0
BRDA:380,27,1,0
BRDA:381,28,0,0
BRDA:381,28,1,0
BRDA:383,29,0,0
BRDA:383,29,1,0
BRDA:384,30,0,0
BRDA:384,30,1,0
BRDA:399,31,0,0
BRDA:399,31,1,0
BRDA:409,32,0,0
BRDA:409,32,1,1
BRDA:409,33,0,1
BRDA:409,33,1,0
BRDA:424,34,0,0
BRDA:424,34,1,0
BRDA:453,35,0,0
BRDA:453,35,1,0
BRDA:461,36,0,0
BRDA:461,36,1,0
BRDA:481,37,0,0
BRDA:481,37,1,0
BRDA:482,38,0,0
BRDA:482,38,1,0
BRDA:484,39,0,0
BRDA:484,39,1,0
BRDA:488,40,0,0
BRDA:488,40,1,0
BRDA:488,41,0,0
BRDA:488,41,1,0
BRDA:489,42,0,0
BRDA:489,42,1,0
BRDA:495,43,0,0
BRDA:495,43,1,0
BRDA:524,44,0,0
BRDA:524,44,1,0
BRDA:525,45,0,0
BRDA:525,45,1,0
BRDA:525,46,0,0
BRDA:525,46,1,0
BRDA:525,46,2,0
BRDA:525,46,3,0
BRDA:542,47,0,0
BRDA:542,47,1,0
BRDA:546,48,0,0
BRDA:546,48,1,0
BRDA:546,49,0,0
BRDA:546,49,1,0
BRDA:547,50,0,0
BRDA:547,50,1,0
BRDA:548,51,0,0
BRDA:548,51,1,0
BRDA:562,52,0,0
BRDA:562,52,1,0
BRDA:563,53,0,0
BRDA:563,53,1,0
BRDA:563,53,2,0
BRDA:593,54,0,0
BRDA:593,54,1,2
BRDA:596,55,0,2
BRDA:596,55,1,0
BRDA:606,56,0,0
BRDA:606,56,1,0
BRDA:606,56,2,0
BRDA:654,57,0,0
BRDA:654,57,1,0
BRDA:654,57,2,0
BRDA:675,58,0,0
BRDA:675,58,1,0
BRDA:675,58,2,0
BRDA:675,58,3,0
BRDA:729,59,0,0
BRDA:729,59,1,0
BRDA:729,59,2,0
BRDA:730,60,0,0
BRDA:730,60,1,0
BRDA:757,61,0,0
BRDA:757,61,1,0
BRDA:780,62,0,0
BRDA:780,62,1,0
BRDA:781,63,0,0
BRDA:781,63,1,0
BRDA:809,64,0,0
BRDA:809,64,1,0
BRDA:809,64,2,0
BRDA:809,64,3,0
BRDA:838,65,0,0
BRDA:838,65,1,0
BRDA:838,65,2,0
BRDA:865,66,0,0
BRDA:865,66,1,0
BRDA:894,67,0,0
BRDA:894,67,1,0
BRDA:894,67,2,0
BRDA:915,68,0,0
BRDA:915,68,1,0
BRDA:915,68,2,0
BRDA:915,68,3,0
BRDA:944,69,0,0
BRDA:944,69,1,0
BRDA:945,70,0,0
BRDA:945,70,1,0
BRDA:948,71,0,0
BRDA:948,71,1,0
BRDA:948,72,0,0
BRDA:948,72,1,0
BRDA:949,73,0,0
BRDA:949,73,1,0
BRDA:953,74,0,0
BRDA:953,74,1,0
BRDA:953,75,0,0
BRDA:953,75,1,0
BRDA:979,76,0,0
BRDA:979,76,1,0
BRDA:980,77,0,0
BRDA:980,77,1,0
BRDA:981,78,0,0
BRDA:981,78,1,0
BRDA:983,79,0,0
BRDA:983,79,1,0
BRDA:984,80,0,0
BRDA:984,80,1,0
BRDA:988,81,0,0
BRDA:988,81,1,0
BRDA:988,82,0,0
BRDA:988,82,1,0
BRDA:989,83,0,0
BRDA:989,83,1,0
BRDA:990,84,0,0
BRDA:990,84,1,0
BRDA:1079,85,0,0
BRDA:1079,85,1,0
BRDA:1084,86,0,0
BRDA:1084,86,1,0
BRDA:1084,87,0,0
BRDA:1084,87,1,0
BRDA:1084,88,0,0
BRDA:1084,88,1,0
BRDA:1084,88,2,0
BRDA:1085,89,0,0
BRDA:1085,89,1,0
BRDA:1085,89,2,0
BRDA:1113,90,0,0
BRDA:1113,90,1,0
BRDA:1117,91,0,0
BRDA:1117,91,1,0
BRDA:1119,92,0,0
BRDA:1119,92,1,0
BRDA:1121,93,0,0
BRDA:1121,93,1,0
BRDA:1123,94,0,0
BRDA:1123,94,1,0
BRDA:1159,95,0,0
BRDA:1159,95,1,0
BRDA:1159,96,0,0
BRDA:1159,96,1,0
BRDA:1159,96,2,0
BRDA:1162,97,0,0
BRDA:1162,97,1,0
BRDA:1163,98,0,0
BRDA:1163,98,1,0
BRDA:1167,99,0,0
BRDA:1167,99,1,0
BRDA:1172,100,0,0
BRDA:1172,100,1,0
BRDA:1172,101,0,0
BRDA:1172,101,1,0
BRDA:1177,102,0,0
BRDA:1177,102,1,0
BRDA:1178,103,0,0
BRDA:1178,103,1,0
BRDA:1182,104,0,0
BRDA:1182,104,1,0
BRDA:1185,105,0,0
BRDA:1185,105,1,0
BRDA:1190,106,0,0
BRDA:1190,106,1,0
BRDA:1190,107,0,0
BRDA:1190,107,1,0
BRDA:1190,107,2,0
BRDA:1243,108,0,1
BRDA:1243,108,1,1
BRDA:1243,108,2,1
BRDA:1246,109,0,0
BRDA:1246,109,1,1
BRDA:1246,110,0,1
BRDA:1246,110,1,0
BRDA:1246,110,2,0
BRDA:1254,111,0,1
BRDA:1254,111,1,0
BRDA:1254,112,0,1
BRDA:1254,112,1,1
BRDA:1256,113,0,1
BRDA:1256,113,1,0
BRDA:1300,114,0,0
BRDA:1300,114,1,0
BRDA:1301,115,0,0
BRDA:1301,115,1,0
BRDA:1301,115,2,0
BRDA:1301,115,3,0
BRDA:1328,116,0,0
BRDA:1328,116,1,0
BRDA:1328,117,0,0
BRDA:1328,117,1,0
BRDA:1328,117,2,0
BRDA:1328,117,3,0
BRDA:1335,118,0,0
BRDA:1335,118,1,0
BRDA:1335,119,0,0
BRDA:1335,119,1,0
BRDA:1335,119,2,0
BRDA:1335,119,3,0
BRDA:1344,120,0,0
BRDA:1344,120,1,0
BRDA:1344,121,0,0
BRDA:1344,121,1,0
BRDA:1351,122,0,0
BRDA:1351,122,1,0
BRDA:1351,123,0,0
BRDA:1351,123,1,0
BRDA:1351,123,2,0
BRDA:1351,123,3,0
BRDA:1360,124,0,0
BRDA:1360,124,1,0
BRDA:1360,125,0,0
BRDA:1360,125,1,0
BRDA:1369,126,0,0
BRDA:1369,126,1,0
BRDA:1369,127,0,0
BRDA:1369,127,1,0
BRDA:1376,128,0,0
BRDA:1376,128,1,0
BRDA:1376,129,0,0
BRDA:1376,129,1,0
BRDA:1384,130,0,0
BRDA:1384,130,1,0
BRDA:1384,131,0,0
BRDA:1384,131,1,0
BRDA:1394,132,0,0
BRDA:1394,132,1,0
BRDA:1394,133,0,0
BRDA:1394,133,1,0
BRDA:1406,134,0,0
BRDA:1406,134,1,0
BRDA:1406,135,0,0
BRDA:1406,135,1,0
BRDA:1417,136,0,0
BRDA:1417,136,1,0
BRDA:1417,137,0,0
BRDA:1417,137,1,0
BRDA:1428,138,0,0
BRDA:1428,138,1,0
BRDA:1428,139,0,0
BRDA:1428,139,1,0
BRDA:1439,140,0,0
BRDA:1439,140,1,0
BRDA:1439,141,0,0
BRDA:1439,141,1,0
BRDA:1449,142,0,0
BRDA:1449,142,1,0
BRDA:1459,143,0,0
BRDA:1459,143,1,0
BRDA:1466,144,0,0
BRDA:1466,144,1,0
BRDA:1476,145,0,0
BRDA:1476,145,1,0
BRDA:1483,146,0,0
BRDA:1483,146,1,0
BRDA:1483,147,0,0
BRDA:1483,147,1,0
BRDA:1491,148,0,0
BRDA:1491,148,1,0
BRDA:1491,149,0,0
BRDA:1491,149,1,0
BRDA:1505,150,0,0
BRDA:1505,150,1,0
BRDA:1507,151,0,0
BRDA:1507,151,1,0
BRDA:1525,152,0,0
BRDA:1525,152,1,0
BRDA:1534,153,0,0
BRDA:1534,153,1,0
BRDA:1546,154,0,0
BRDA:1546,154,1,0
BRDA:1549,155,0,0
BRDA:1549,155,1,0
BRDA:1552,156,0,0
BRDA:1552,156,1,0
BRDA:1555,157,0,0
BRDA:1555,157,1,0
BRDA:1558,158,0,0
BRDA:1558,158,1,0
BRDA:1566,159,0,0
BRDA:1566,159,1,0
BRDA:1574,160,0,0
BRDA:1574,160,1,0
BRDA:1582,161,0,0
BRDA:1582,161,1,0
BRDA:1582,162,0,0
BRDA:1582,162,1,0
BRDA:1583,163,0,0
BRDA:1583,163,1,0
BRDA:1583,164,0,0
BRDA:1583,164,1,0
BRDA:1594,165,0,0
BRDA:1594,165,1,0
BRDA:1600,166,0,0
BRDA:1600,166,1,0
BRDA:1615,167,0,0
BRDA:1615,167,1,0
BRDA:1615,167,2,0
BRDA:1615,167,3,0
BRDA:1615,167,4,0
BRDA:1615,167,5,0
BRDA:1656,168,0,0
BRDA:1656,168,1,0
BRDA:1678,169,0,0
BRDA:1678,169,1,0
BRDA:1691,170,0,0
BRDA:1691,170,1,0
BRDA:1696,171,0,0
BRDA:1696,171,1,0
BRDA:1712,172,0,0
BRDA:1712,172,1,0
BRDA:1716,173,0,0
BRDA:1716,173,1,0
BRDA:1917,174,0,0
BRDA:1917,174,1,0
BRDA:1946,175,0,0
BRDA:1946,175,1,0
BRDA:1950,176,0,0
BRDA:1950,176,1,0
BRDA:1954,177,0,0
BRDA:1954,177,1,0
BRDA:1962,178,0,0
BRDA:1962,178,1,0
BRDA:1971,179,0,0
BRDA:1971,179,1,0
BRDA:1981,180,0,0
BRDA:1981,180,1,1
BRDA:1981,181,0,1
BRDA:1981,181,1,0
BRDA:1984,182,0,1
BRDA:1984,182,1,0
BRDA:1984,183,0,1
BRDA:1984,183,1,1
BRF:411
BRH:43
end_of_record
